#
# There is insufficient memory for the Java Runtime Environment to continue.
# Native memory allocation (mmap) failed to map 262144000 bytes for Failed to commit area from 0x0000000706600000 to 0x0000000716000000 of length 262144000.
# Possible reasons:
#   The system is out of physical RAM or swap space
#   The process is running with CompressedOops enabled, and the Java Heap may be blocking the growth of the native heap
# Possible solutions:
#   Reduce memory load on the system
#   Increase physical memory or swap space
#   Check if swap backing store is full
#   Decrease Java heap size (-Xmx/-Xms)
#   Decrease number of Java threads
#   Decrease Java thread stack sizes (-Xss)
#   Set larger code cache with -XX:ReservedCodeCacheSize=
#   JVM is running with Zero Based Compressed Oops mode in which the Java heap is
#     placed in the first 32GB address space. The Java Heap base address is the
#     maximum limit for the native heap growth. Please use -XX:HeapBaseMinAddress
#     to set the Java Heap base and to place the Java Heap above 32GB virtual address.
# This output file may be truncated or incomplete.
#
#  Out of Memory Error (./open/src/hotspot/os/windows/os_windows.cpp:3315), pid=19620, tid=15200
#
# JRE version:  (14.0.2+12) (build )
# Java VM: OpenJDK 64-Bit Server VM (14.0.2+12-46, mixed mode, sharing, tiered, compressed oops, g1 gc, windows-amd64)
# No core dump will be written. Minidumps are not enabled by default on client versions of Windows
#

---------------  S U M M A R Y ------------

Command Line: -Dfile.encoding=Cp1252 -XX:+ShowCodeDetailsInExceptionMessages hackoverflow.game.main.Game

Host: Intel(R) Core(TM) i5-8600T CPU @ 2.30GHz, 6 cores, 15G,  Windows 10 , 64 bit Build 18362 (10.0.18362.1316)
Time: Sat Feb 13 22:00:29 2021 Mountain Standard Time elapsed time: 0 seconds (0d 0h 0m 0s)

---------------  T H R E A D  ---------------

Current thread (0x00000192413e5000):  JavaThread "Unknown thread" [_thread_in_vm, id=15200, stack(0x000000843c100000,0x000000843c200000)]

Stack: [0x000000843c100000,0x000000843c200000]
Native frames: (J=compiled Java code, j=interpreted, Vv=VM code, C=native code)
V  [jvm.dll+0x5f8a9a]
V  [jvm.dll+0x74247a]
V  [jvm.dll+0x743c2f]
V  [jvm.dll+0x744273]
V  [jvm.dll+0x20d288]
V  [jvm.dll+0x5f5dea]
V  [jvm.dll+0x5eac45]
V  [jvm.dll+0x2c7e9c]
V  [jvm.dll+0x2c7cd2]
V  [jvm.dll+0x2cdbbc]
V  [jvm.dll+0x313fe8]
V  [jvm.dll+0x313710]
V  [jvm.dll+0x2a092a]
V  [jvm.dll+0x2a1a79]
V  [jvm.dll+0x71fd48]
V  [jvm.dll+0x321c14]
V  [jvm.dll+0x70112c]
V  [jvm.dll+0x392def]
V  [jvm.dll+0x394e61]
C  [jli.dll+0x524b]
C  [ucrtbase.dll+0x210b2]
C  [KERNEL32.DLL+0x17c24]
C  [ntdll.dll+0x6d4d1]


---------------  P R O C E S S  ---------------

Threads class SMR info:
_java_thread_list=0x00007ff8366e3038, length=0, elements={
}

Java Threads: ( => current thread )

Other Threads:
  0x0000019241445800 GCTaskThread "GC Thread#0" [stack: 0x000000843c200000,0x000000843c300000] [id=24100]
  0x0000019241466800 ConcurrentGCThread "G1 Main Marker" [stack: 0x000000843c300000,0x000000843c400000] [id=15416]
  0x0000019241468800 ConcurrentGCThread "G1 Conc#0" [stack: 0x000000843c400000,0x000000843c500000] [id=15052]

[error occurred during error reporting (printing all threads), id 0xc0000005, EXCEPTION_ACCESS_VIOLATION (0xc0000005) at pc=0x00007ff835f11257]

VM state:not at safepoint (not fully initialized)

VM Mutex/Monitor currently owned by a thread:  ([mutex/lock_event])
[0x00000192413e2570] Heap_lock - owner thread: 0x00000192413e5000

Heap address: 0x0000000706600000, size: 3994 MB, Compressed Oops mode: Zero based, Oop shift amount: 3
Narrow klass base: 0x0000000000000000, Narrow klass shift: 0

GC Heap History (0 events):
No events

Deoptimization events (0 events):
No events

Classes unloaded (0 events):
No events

Classes redefined (0 events):
No events

Internal exceptions (0 events):
No events

Events (2 events):
Event: 0.010 Loaded shared library C:\Users\Sherriff\.p2\pool\plugins\org.eclipse.justj.openjdk.hotspot.jre.full.win32.x86_64_14.0.2.v20200815-0932\jre\bin\java.dll
Event: 0.010 Loaded shared library C:\Users\Sherriff\.p2\pool\plugins\org.eclipse.justj.openjdk.hotspot.jre.full.win32.x86_64_14.0.2.v20200815-0932\jre\bin\zip.dll


Dynamic libraries:
0x00007ff74dc00000 - 0x00007ff74dc0d000 	C:\Users\Sherriff\.p2\pool\plugins\org.eclipse.justj.openjdk.hotspot.jre.full.win32.x86_64_14.0.2.v20200815-0932\jre\bin\javaw.exe
0x00007ff872780000 - 0x00007ff872970000 	C:\Windows\SYSTEM32\ntdll.dll
0x00007ff8708e0000 - 0x00007ff870992000 	C:\Windows\System32\KERNEL32.DLL
0x00007ff86fb90000 - 0x00007ff86fe35000 	C:\Windows\System32\KERNELBASE.dll
0x00007ff86f8a0000 - 0x00007ff86f99a000 	C:\Windows\System32\ucrtbase.dll
0x00007ff854c60000 - 0x00007ff854c78000 	C:\Users\Sherriff\.p2\pool\plugins\org.eclipse.justj.openjdk.hotspot.jre.full.win32.x86_64_14.0.2.v20200815-0932\jre\bin\jli.dll
0x00007ff8720c0000 - 0x00007ff872254000 	C:\Windows\System32\USER32.dll
0x00007ff86fe40000 - 0x00007ff86fe61000 	C:\Windows\System32\win32u.dll
0x00007ff871bb0000 - 0x00007ff871bd6000 	C:\Windows\System32\GDI32.dll
0x00007ff870690000 - 0x00007ff870828000 	C:\Windows\System32\gdi32full.dll
0x00007ff86f9a0000 - 0x00007ff86fa3e000 	C:\Windows\System32\msvcp_win.dll
0x00007ff854c40000 - 0x00007ff854c55000 	C:\Users\Sherriff\.p2\pool\plugins\org.eclipse.justj.openjdk.hotspot.jre.full.win32.x86_64_14.0.2.v20200815-0932\jre\bin\VCRUNTIME140.dll
0x00007ff85f320000 - 0x00007ff85f5a4000 	C:\Windows\WinSxS\amd64_microsoft.windows.common-controls_6595b64144ccf1df_6.0.18362.1316_none_9e7a364fe461dbd7\COMCTL32.dll
0x00007ff8716d0000 - 0x00007ff87176e000 	C:\Windows\System32\msvcrt.dll
0x00007ff871d80000 - 0x00007ff8720b7000 	C:\Windows\System32\combase.dll
0x00007ff8715b0000 - 0x00007ff8716cf000 	C:\Windows\System32\RPCRT4.dll
0x00007ff86f700000 - 0x00007ff86f781000 	C:\Windows\System32\bcryptPrimitives.dll
0x00007ff871b70000 - 0x00007ff871b9e000 	C:\Windows\System32\IMM32.DLL
0x00007ff853ef0000 - 0x00007ff853f8b000 	C:\Users\Sherriff\.p2\pool\plugins\org.eclipse.justj.openjdk.hotspot.jre.full.win32.x86_64_14.0.2.v20200815-0932\jre\bin\msvcp140.dll
0x00007ff835c60000 - 0x00007ff83677e000 	C:\Users\Sherriff\.p2\pool\plugins\org.eclipse.justj.openjdk.hotspot.jre.full.win32.x86_64_14.0.2.v20200815-0932\jre\bin\server\jvm.dll
0x00007ff8709a0000 - 0x00007ff870a43000 	C:\Windows\System32\ADVAPI32.dll
0x00007ff870a50000 - 0x00007ff870ae7000 	C:\Windows\System32\sechost.dll
0x00007ff8717f0000 - 0x00007ff8717f8000 	C:\Windows\System32\PSAPI.DLL
0x00007ff859b60000 - 0x00007ff859b69000 	C:\Windows\SYSTEM32\WSOCK32.dll
0x00007ff871800000 - 0x00007ff87186f000 	C:\Windows\System32\WS2_32.dll
0x00007ff86c280000 - 0x00007ff86c2a4000 	C:\Windows\SYSTEM32\WINMM.dll
0x00007ff86a760000 - 0x00007ff86a76a000 	C:\Windows\SYSTEM32\VERSION.dll
0x00007ff86c250000 - 0x00007ff86c27d000 	C:\Windows\SYSTEM32\WINMMBASE.dll
0x00007ff870640000 - 0x00007ff87068a000 	C:\Windows\System32\cfgmgr32.dll
0x00007ff86f6e0000 - 0x00007ff86f6f1000 	C:\Windows\System32\kernel.appcore.dll
0x00007ff86bef0000 - 0x00007ff86befa000 	C:\Users\Sherriff\.p2\pool\plugins\org.eclipse.justj.openjdk.hotspot.jre.full.win32.x86_64_14.0.2.v20200815-0932\jre\bin\jimage.dll
0x00007ff85c3e0000 - 0x00007ff85c5d4000 	C:\Windows\SYSTEM32\DBGHELP.DLL
0x00007ff859ad0000 - 0x00007ff859afa000 	C:\Windows\SYSTEM32\dbgcore.DLL
0x00007ff85c280000 - 0x00007ff85c2a5000 	C:\Users\Sherriff\.p2\pool\plugins\org.eclipse.justj.openjdk.hotspot.jre.full.win32.x86_64_14.0.2.v20200815-0932\jre\bin\java.dll
0x00007ff867d90000 - 0x00007ff867da6000 	C:\Users\Sherriff\.p2\pool\plugins\org.eclipse.justj.openjdk.hotspot.jre.full.win32.x86_64_14.0.2.v20200815-0932\jre\bin\zip.dll

dbghelp: loaded successfully - version: 4.0.5 - missing functions: none
symbol engine: initialized successfully - sym options: 0x614 - pdb path: .;C:\Users\Sherriff\.p2\pool\plugins\org.eclipse.justj.openjdk.hotspot.jre.full.win32.x86_64_14.0.2.v20200815-0932\jre\bin;C:\Windows\SYSTEM32;C:\Windows\WinSxS\amd64_microsoft.windows.common-controls_6595b64144ccf1df_6.0.18362.1316_none_9e7a364fe461dbd7;C:\Users\Sherriff\.p2\pool\plugins\org.eclipse.justj.openjdk.hotspot.jre.full.win32.x86_64_14.0.2.v20200815-0932\jre\bin\server

VM Arguments:
jvm_args: -Dfile.encoding=Cp1252 -XX:+ShowCodeDetailsInExceptionMessages 
java_command: hackoverflow.game.main.Game
java_class_path (initial): C:\Users\Sherriff\eclipse-workspace\Hack\bin;C:\Users\Sherriff\Documents\Misc\JavaFX\javafx-sdk-11.0.2\lib\javafx.base.jar;C:\Users\Sherriff\Documents\Misc\JavaFX\javafx-sdk-11.0.2\lib\javafx.controls.jar;C:\Users\Sherriff\Documents\Misc\JavaFX\javafx-sdk-11.0.2\lib\javafx.fxml.jar;C:\Users\Sherriff\Documents\Misc\JavaFX\javafx-sdk-11.0.2\lib\javafx.graphics.jar;C:\Users\Sherriff\Documents\Misc\JavaFX\javafx-sdk-11.0.2\lib\javafx.media.jar;C:\Users\Sherriff\Documents\Misc\JavaFX\javafx-sdk-11.0.2\lib\javafx.swing.jar;C:\Users\Sherriff\Documents\Misc\JavaFX\javafx-sdk-11.0.2\lib\javafx.web.jar;C:\Users\Sherriff\Documents\Misc\JavaFX\javafx-sdk-11.0.2\lib\javafx-swt.jar
Launcher Type: SUN_STANDARD

[Global flags]
     intx CICompilerCount                          = 3                                         {product} {ergonomic}
     uint ConcGCThreads                            = 2                                         {product} {ergonomic}
     uint G1ConcRefinementThreads                  = 6                                         {product} {ergonomic}
   size_t G1HeapRegionSize                         = 1048576                                   {product} {ergonomic}
    uintx GCDrainStackTargetSize                   = 64                                        {product} {ergonomic}
   size_t InitialHeapSize                          = 262144000                                 {product} {ergonomic}
   size_t MarkStackSize                            = 4194304                                   {product} {ergonomic}
   size_t MaxHeapSize                              = 4188012544                                {product} {ergonomic}
   size_t MinHeapDeltaBytes                        = 1048576                                   {product} {ergonomic}
   size_t MinHeapSize                              = 8388608                                   {product} {ergonomic}
    uintx NonNMethodCodeHeapSize                   = 5832780                                {pd product} {ergonomic}
    uintx NonProfiledCodeHeapSize                  = 122912730                              {pd product} {ergonomic}
    uintx ProfiledCodeHeapSize                     = 122912730                              {pd product} {ergonomic}
    uintx ReservedCodeCacheSize                    = 251658240                              {pd product} {ergonomic}
     bool SegmentedCodeCache                       = true                                      {product} {ergonomic}
     bool ShowCodeDetailsInExceptionMessages       = true                                   {manageable} {command line}
   size_t SoftMaxHeapSize                          = 4188012544                             {manageable} {ergonomic}
     bool UseCompressedClassPointers               = true                                 {lp64_product} {ergonomic}
     bool UseCompressedOops                        = true                                 {lp64_product} {ergonomic}
     bool UseG1GC                                  = true                                      {product} {ergonomic}
     bool UseLargePagesIndividualAllocation        = false                                  {pd product} {ergonomic}

Logging:
Log output configuration:
 #0: stdout all=warning uptime,level,tags
 #1: stderr all=off uptime,level,tags

Environment Variables:
PATH=C:/Users/Sherriff/.p2/pool/plugins/org.eclipse.justj.openjdk.hotspot.jre.full.win32.x86_64_14.0.2.v20200815-0932/jre/bin/server;C:/Users/Sherriff/.p2/pool/plugins/org.eclipse.justj.openjdk.hotspot.jre.full.win32.x86_64_14.0.2.v20200815-0932/jre/bin;C:\Program Files (x86)\Common Files\Oracle\Java\javapath;C:\Program Files\AdoptOpenJDK\jdk-14.0.2.12-hotspot\bin;C:\Program Files\AdoptOpenJDK\jdk-11.0.7.10-hotspot\bin;C:\Program Files\AdoptOpenJDK\jre-11.0.7.10-hotspot\bin;C:\Program Files\AdoptOpenJDK\jre-8.0.252.09-hotspot\bin;C:\Program Files (x86)\AdoptOpenJDK\jre-8.0.252.09-hotspot\bin;C:\Windows\system32;C:\Windows;C:\Windows\System32\Wbem;C:\Windows\System32\WindowsPowerShell\v1.0\;C:\Windows\System32\OpenSSH\;C:\Program Files\Microsoft VS Code\bin;C:\Program Files (x86)\Common Files\Roxio Shared\DLLShared\;C:\Program Files (x86)\Common Files\Roxio Shared\10.0\DLLShared\;C:\Program Files\dotnet\;C:\Program Files\MiKTeX 2.9\miktex\bin\x64\;C:\Program Files\Git\cmd;C:\ProgramData\chocolatey\bin;C:\Users\Sherriff\AppData\Local\Microsoft\WindowsApps;C:\Users\Sherriff\AppData\Local\GitHubDesktop\bin;C:\Users\Sherriff\AppData\Roaming\cabal\bin;C:\ProgramData\chocolatey\lib\ghc\tools\ghc-8.10.4\bin;C:\tools\msys64;;C:\Users\Sherriff\eclipse\java-2020-09\eclipse;
USERNAME=Sherriff
OS=Windows_NT
PROCESSOR_IDENTIFIER=Intel64 Family 6 Model 158 Stepping 10, GenuineIntel



---------------  S Y S T E M  ---------------

OS: Windows 10 , 64 bit Build 18362 (10.0.18362.1316)
OS uptime: 0 days 8:56 hours
HyperV virtualization detected

CPU:total 6 (initial active 6) (6 cores per cpu, 1 threads per core) family 6 model 158 stepping 10, cmov, cx8, fxsr, mmx, sse, sse2, sse3, ssse3, sse4.1, sse4.2, popcnt, avx, avx2, aes, clmul, erms, rtm, 3dnowpref, lzcnt, tsc, tscinvbit, bmi1, bmi2, adx, fma

Memory: 4k page, system-wide physical 15971M (3302M free)
TotalPageFile size 65123M (AvailPageFile size 19M)
current process WorkingSet (physical memory assigned to process): 10M, peak: 10M
current process commit charge ("private bytes"): 56M, peak: 306M

vm_info: OpenJDK 64-Bit Server VM (14.0.2+12-46) for windows-amd64 JRE (14.0.2+12-46), built on Jul  9 2020 00:31:16 by "mach5one" with MS VC++ 15.9 (VS2017)

END.
