#
# There is insufficient memory for the Java Runtime Environment to continue.
# Native memory allocation (malloc) failed to allocate 32744 bytes for ChunkPool::allocate
# Possible reasons:
#   The system is out of physical RAM or swap space
#   The process is running with CompressedOops enabled, and the Java Heap may be blocking the growth of the native heap
# Possible solutions:
#   Reduce memory load on the system
#   Increase physical memory or swap space
#   Check if swap backing store is full
#   Decrease Java heap size (-Xmx/-Xms)
#   Decrease number of Java threads
#   Decrease Java thread stack sizes (-Xss)
#   Set larger code cache with -XX:ReservedCodeCacheSize=
#   JVM is running with Zero Based Compressed Oops mode in which the Java heap is
#     placed in the first 32GB address space. The Java Heap base address is the
#     maximum limit for the native heap growth. Please use -XX:HeapBaseMinAddress
#     to set the Java Heap base and to place the Java Heap above 32GB virtual address.
# This output file may be truncated or incomplete.
#
#  Out of Memory Error (./open/src/hotspot/share/memory/arena.cpp:79), pid=6572, tid=2272
#
# JRE version: OpenJDK Runtime Environment (14.0.2+12) (build 14.0.2+12-46)
# Java VM: OpenJDK 64-Bit Server VM (14.0.2+12-46, mixed mode, tiered, compressed oops, g1 gc, windows-amd64)
# No core dump will be written. Minidumps are not enabled by default on client versions of Windows
#

---------------  S U M M A R Y ------------

Command Line: -Dfile.encoding=Cp1252 -XX:+ShowCodeDetailsInExceptionMessages hackoverflow.game.main.Game

Host: Intel(R) Core(TM) i5-8600T CPU @ 2.30GHz, 6 cores, 15G,  Windows 10 , 64 bit Build 18362 (10.0.18362.1316)
Time: Sat Feb 13 22:00:06 2021 Mountain Standard Time elapsed time: 13 seconds (0d 0h 0m 13s)

---------------  T H R E A D  ---------------

Current thread (0x0000021f146d2000):  JavaThread "AWT-EventQueue-0" [_thread_in_vm, id=2272, stack(0x0000002c4a400000,0x0000002c4a500000)]

Stack: [0x0000002c4a400000,0x0000002c4a500000]
Native frames: (J=compiled Java code, j=interpreted, Vv=VM code, C=native code)
V  [jvm.dll+0x5f8a9a]
V  [jvm.dll+0x74247a]
V  [jvm.dll+0x743c2f]
V  [jvm.dll+0x744273]
V  [jvm.dll+0x20d288]
V  [jvm.dll+0xabea6]
V  [jvm.dll+0xac1fc]
V  [jvm.dll+0x738f03]
V  [jvm.dll+0x73877e]
V  [jvm.dll+0x3c3b2f]
C  0x0000021f07b12d26

Java frames: (J=compiled Java code, j=interpreted, Vv=VM code)
J 860  java.security.AccessController.getStackAccessControlContext()Ljava/security/AccessControlContext; java.base@14.0.2 (0 bytes) @ 0x0000021f07b12c8e [0x0000021f07b12c40+0x000000000000004e]
J 1143 c1 javax.swing.RepaintManager.paintDirtyRegions(Ljava/util/Map;)V java.desktop@14.0.2 (196 bytes) @ 0x0000021f007965c4 [0x0000021f007959c0+0x0000000000000c04]
J 1142 c1 javax.swing.RepaintManager.paintDirtyRegions()V java.desktop@14.0.2 (50 bytes) @ 0x0000021f0079b62c [0x0000021f0079b360+0x00000000000002cc]
J 1141 c1 javax.swing.RepaintManager.prePaintDirtyRegions()V java.desktop@14.0.2 (91 bytes) @ 0x0000021f00798e3c [0x0000021f007987c0+0x000000000000067c]
J 1087 c1 javax.swing.RepaintManager$ProcessingRunnable.run()V java.desktop@14.0.2 (41 bytes) @ 0x0000021f00769994 [0x0000021f00769760+0x0000000000000234]
J 1053 c1 java.awt.event.InvocationEvent.dispatch()V java.desktop@14.0.2 (69 bytes) @ 0x0000021f00753fac [0x0000021f00753d80+0x000000000000022c]
J 1108 c1 java.awt.EventQueue.dispatchEventImpl(Ljava/awt/AWTEvent;Ljava/lang/Object;)V java.desktop@14.0.2 (136 bytes) @ 0x0000021f0077a77c [0x0000021f00778da0+0x00000000000019dc]
J 1107 c1 java.awt.EventQueue$4.run()Ljava/lang/Void; java.desktop@14.0.2 (60 bytes) @ 0x0000021f007786c4 [0x0000021f00778580+0x0000000000000144]
J 1025 c1 java.awt.EventQueue.dispatchEvent(Ljava/awt/AWTEvent;)V java.desktop@14.0.2 (80 bytes) @ 0x0000021f007458dc [0x0000021f00744fe0+0x00000000000008fc]
J 1030 c1 java.awt.EventDispatchThread.pumpOneEventForFilters(I)V java.desktop@14.0.2 (113 bytes) @ 0x0000021f00747fdc [0x0000021f00747880+0x000000000000075c]
j  java.awt.EventDispatchThread.pumpEventsForFilter(ILjava/awt/Conditional;Ljava/awt/EventFilter;)V+35 java.desktop@14.0.2
j  java.awt.EventDispatchThread.pumpEventsForHierarchy(ILjava/awt/Conditional;Ljava/awt/Component;)V+11 java.desktop@14.0.2
j  java.awt.EventDispatchThread.pumpEvents(ILjava/awt/Conditional;)V+4 java.desktop@14.0.2
j  java.awt.EventDispatchThread.pumpEvents(Ljava/awt/Conditional;)V+3 java.desktop@14.0.2
j  java.awt.EventDispatchThread.run()V+9 java.desktop@14.0.2
v  ~StubRoutines::call_stub

---------------  P R O C E S S  ---------------

Threads class SMR info:
_java_thread_list=0x0000021f14839fa0, length=16, elements={
0x0000021f13ea3800, 0x0000021f13ea4800, 0x0000021f135db800, 0x0000021f135dc800,
0x0000021f135dd800, 0x0000021f13ee8800, 0x0000021f13f4e000, 0x0000021f13f58800,
0x0000021f1408b800, 0x0000021f14099800, 0x0000021f14534000, 0x0000021f1453e000,
0x0000021f1453f000, 0x0000021f14643800, 0x0000021f146d2000, 0x0000021f749ad000
}

Java Threads: ( => current thread )
  0x0000021f13ea3800 JavaThread "Reference Handler" daemon [_thread_blocked, id=28216, stack(0x0000002c49300000,0x0000002c49400000)]
  0x0000021f13ea4800 JavaThread "Finalizer" daemon [_thread_blocked, id=16268, stack(0x0000002c49400000,0x0000002c49500000)]
  0x0000021f135db800 JavaThread "Signal Dispatcher" daemon [_thread_blocked, id=16720, stack(0x0000002c49500000,0x0000002c49600000)]
  0x0000021f135dc800 JavaThread "Attach Listener" daemon [_thread_blocked, id=23016, stack(0x0000002c49600000,0x0000002c49700000)]
  0x0000021f135dd800 JavaThread "Service Thread" daemon [_thread_blocked, id=30264, stack(0x0000002c49700000,0x0000002c49800000)]
  0x0000021f13ee8800 JavaThread "C2 CompilerThread0" daemon [_thread_in_native, id=15200, stack(0x0000002c49800000,0x0000002c49900000)]
  0x0000021f13f4e000 JavaThread "C1 CompilerThread0" daemon [_thread_blocked, id=31628, stack(0x0000002c49900000,0x0000002c49a00000)]
  0x0000021f13f58800 JavaThread "Sweeper thread" daemon [_thread_blocked, id=27868, stack(0x0000002c49a00000,0x0000002c49b00000)]
  0x0000021f1408b800 JavaThread "Notification Thread" daemon [_thread_blocked, id=24100, stack(0x0000002c49b00000,0x0000002c49c00000)]
  0x0000021f14099800 JavaThread "Common-Cleaner" daemon [_thread_blocked, id=15052, stack(0x0000002c49d00000,0x0000002c49e00000)]
  0x0000021f14534000 JavaThread "Java2D Disposer" daemon [_thread_blocked, id=24220, stack(0x0000002c49e00000,0x0000002c49f00000)]
  0x0000021f1453e000 JavaThread "AWT-Shutdown" [_thread_blocked, id=3316, stack(0x0000002c49f00000,0x0000002c4a000000)]
  0x0000021f1453f000 JavaThread "AWT-Windows" daemon [_thread_in_native, id=15220, stack(0x0000002c4a000000,0x0000002c4a100000)]
  0x0000021f14643800 JavaThread "Timer-0" [_thread_blocked, id=17992, stack(0x0000002c4a300000,0x0000002c4a400000)]
=>0x0000021f146d2000 JavaThread "AWT-EventQueue-0" [_thread_in_vm, id=2272, stack(0x0000002c4a400000,0x0000002c4a500000)]
  0x0000021f749ad000 JavaThread "DestroyJavaVM" [_thread_blocked, id=19620, stack(0x0000002c48c00000,0x0000002c48d00000)]

Other Threads:
  0x0000021f13e8d800 VMThread "VM Thread" [stack: 0x0000002c49200000,0x0000002c49300000] [id=27052]
  0x0000021f1408c800 WatcherThread [stack: 0x0000002c49c00000,0x0000002c49d00000] [id=15416]
  0x0000021f74a13800 GCTaskThread "GC Thread#0" [stack: 0x0000002c48d00000,0x0000002c48e00000] [id=18108]
  0x0000021f74a34000 ConcurrentGCThread "G1 Main Marker" [stack: 0x0000002c48e00000,0x0000002c48f00000] [id=30788]
  0x0000021f74a37000 ConcurrentGCThread "G1 Conc#0" [stack: 0x0000002c48f00000,0x0000002c49000000] [id=14864]
  0x0000021f134a8800 ConcurrentGCThread "G1 Refine#0" [stack: 0x0000002c49000000,0x0000002c49100000] [id=5084]
  0x0000021f134a9800 ConcurrentGCThread "G1 Young RemSet Sampling" [stack: 0x0000002c49100000,0x0000002c49200000] [id=17776]

Threads with active compile tasks:
C2 CompilerThread0    13237 1182       4       hackoverflow.game.main.GamePanel::paint (211 bytes)

VM state:not at safepoint (normal execution)

VM Mutex/Monitor currently owned by a thread: None

Heap address: 0x0000000706600000, size: 3994 MB, Compressed Oops mode: Zero based, Oop shift amount: 3
Narrow klass base: 0x0000000800000000, Narrow klass shift: 0
Compressed class space size: 1073741824 Address: 0x0000000800000000

Heap:
 garbage-first heap   total 256000K, used 34816K [0x0000000706600000, 0x0000000800000000)
  region size 1024K, 20 young (20480K), 0 survivors (0K)
 Metaspace       used 13894K, capacity 14152K, committed 14336K, reserved 1062912K
  class space    used 1356K, capacity 1465K, committed 1536K, reserved 1048576K
Heap Regions: E=young(eden), S=young(survivor), O=old, HS=humongous(starts), HC=humongous(continues), CS=collection set, F=free, OA=open archive, CA=closed archive, TAMS=top-at-mark-start (previous, next)
|   0|0x0000000706600000, 0x0000000706700000, 0x0000000706700000|100%|HS|  |TAMS 0x0000000706600000, 0x0000000706600000| Complete 
|   1|0x0000000706700000, 0x0000000706800000, 0x0000000706800000|100%|HC|  |TAMS 0x0000000706700000, 0x0000000706700000| Complete 
|   2|0x0000000706800000, 0x0000000706900000, 0x0000000706900000|100%|HC|  |TAMS 0x0000000706800000, 0x0000000706800000| Complete 
|   3|0x0000000706900000, 0x0000000706a00000, 0x0000000706a00000|100%|HC|  |TAMS 0x0000000706900000, 0x0000000706900000| Complete 
|   4|0x0000000706a00000, 0x0000000706b00000, 0x0000000706b00000|100%|HC|  |TAMS 0x0000000706a00000, 0x0000000706a00000| Complete 
|   5|0x0000000706b00000, 0x0000000706c00000, 0x0000000706c00000|100%|HC|  |TAMS 0x0000000706b00000, 0x0000000706b00000| Complete 
|   6|0x0000000706c00000, 0x0000000706d00000, 0x0000000706d00000|100%|HC|  |TAMS 0x0000000706c00000, 0x0000000706c00000| Complete 
|   7|0x0000000706d00000, 0x0000000706e00000, 0x0000000706e00000|100%|HS|  |TAMS 0x0000000706d00000, 0x0000000706d00000| Complete 
|   8|0x0000000706e00000, 0x0000000706f00000, 0x0000000706f00000|100%|HC|  |TAMS 0x0000000706e00000, 0x0000000706e00000| Complete 
|   9|0x0000000706f00000, 0x0000000707000000, 0x0000000707000000|100%|HS|  |TAMS 0x0000000706f00000, 0x0000000706f00000| Complete 
|  10|0x0000000707000000, 0x0000000707100000, 0x0000000707100000|100%|HC|  |TAMS 0x0000000707000000, 0x0000000707000000| Complete 
|  11|0x0000000707100000, 0x0000000707200000, 0x0000000707200000|100%|HS|  |TAMS 0x0000000707100000, 0x0000000707100000| Complete 
|  12|0x0000000707200000, 0x0000000707300000, 0x0000000707300000|100%|HC|  |TAMS 0x0000000707200000, 0x0000000707200000| Complete 
|  13|0x0000000707300000, 0x0000000707400000, 0x0000000707400000|100%|HC|  |TAMS 0x0000000707300000, 0x0000000707300000| Complete 
|  14|0x0000000707400000, 0x0000000707500000, 0x0000000707500000|100%|HC|  |TAMS 0x0000000707400000, 0x0000000707400000| Complete 
|  15|0x0000000707500000, 0x0000000707500000, 0x0000000707600000|  0%| F|  |TAMS 0x0000000707500000, 0x0000000707500000| Untracked 
|  16|0x0000000707600000, 0x0000000707600000, 0x0000000707700000|  0%| F|  |TAMS 0x0000000707600000, 0x0000000707600000| Untracked 
|  17|0x0000000707700000, 0x0000000707700000, 0x0000000707800000|  0%| F|  |TAMS 0x0000000707700000, 0x0000000707700000| Untracked 
|  18|0x0000000707800000, 0x0000000707800000, 0x0000000707900000|  0%| F|  |TAMS 0x0000000707800000, 0x0000000707800000| Untracked 
|  19|0x0000000707900000, 0x0000000707900000, 0x0000000707a00000|  0%| F|  |TAMS 0x0000000707900000, 0x0000000707900000| Untracked 
|  20|0x0000000707a00000, 0x0000000707a00000, 0x0000000707b00000|  0%| F|  |TAMS 0x0000000707a00000, 0x0000000707a00000| Untracked 
|  21|0x0000000707b00000, 0x0000000707b00000, 0x0000000707c00000|  0%| F|  |TAMS 0x0000000707b00000, 0x0000000707b00000| Untracked 
|  22|0x0000000707c00000, 0x0000000707c00000, 0x0000000707d00000|  0%| F|  |TAMS 0x0000000707c00000, 0x0000000707c00000| Untracked 
|  23|0x0000000707d00000, 0x0000000707d00000, 0x0000000707e00000|  0%| F|  |TAMS 0x0000000707d00000, 0x0000000707d00000| Untracked 
|  24|0x0000000707e00000, 0x0000000707e00000, 0x0000000707f00000|  0%| F|  |TAMS 0x0000000707e00000, 0x0000000707e00000| Untracked 
|  25|0x0000000707f00000, 0x0000000707f00000, 0x0000000708000000|  0%| F|  |TAMS 0x0000000707f00000, 0x0000000707f00000| Untracked 
|  26|0x0000000708000000, 0x0000000708000000, 0x0000000708100000|  0%| F|  |TAMS 0x0000000708000000, 0x0000000708000000| Untracked 
|  27|0x0000000708100000, 0x0000000708100000, 0x0000000708200000|  0%| F|  |TAMS 0x0000000708100000, 0x0000000708100000| Untracked 
|  28|0x0000000708200000, 0x0000000708200000, 0x0000000708300000|  0%| F|  |TAMS 0x0000000708200000, 0x0000000708200000| Untracked 
|  29|0x0000000708300000, 0x0000000708300000, 0x0000000708400000|  0%| F|  |TAMS 0x0000000708300000, 0x0000000708300000| Untracked 
|  30|0x0000000708400000, 0x0000000708400000, 0x0000000708500000|  0%| F|  |TAMS 0x0000000708400000, 0x0000000708400000| Untracked 
|  31|0x0000000708500000, 0x0000000708500000, 0x0000000708600000|  0%| F|  |TAMS 0x0000000708500000, 0x0000000708500000| Untracked 
|  32|0x0000000708600000, 0x0000000708600000, 0x0000000708700000|  0%| F|  |TAMS 0x0000000708600000, 0x0000000708600000| Untracked 
|  33|0x0000000708700000, 0x0000000708700000, 0x0000000708800000|  0%| F|  |TAMS 0x0000000708700000, 0x0000000708700000| Untracked 
|  34|0x0000000708800000, 0x0000000708800000, 0x0000000708900000|  0%| F|  |TAMS 0x0000000708800000, 0x0000000708800000| Untracked 
|  35|0x0000000708900000, 0x0000000708900000, 0x0000000708a00000|  0%| F|  |TAMS 0x0000000708900000, 0x0000000708900000| Untracked 
|  36|0x0000000708a00000, 0x0000000708a00000, 0x0000000708b00000|  0%| F|  |TAMS 0x0000000708a00000, 0x0000000708a00000| Untracked 
|  37|0x0000000708b00000, 0x0000000708b00000, 0x0000000708c00000|  0%| F|  |TAMS 0x0000000708b00000, 0x0000000708b00000| Untracked 
|  38|0x0000000708c00000, 0x0000000708c00000, 0x0000000708d00000|  0%| F|  |TAMS 0x0000000708c00000, 0x0000000708c00000| Untracked 
|  39|0x0000000708d00000, 0x0000000708d00000, 0x0000000708e00000|  0%| F|  |TAMS 0x0000000708d00000, 0x0000000708d00000| Untracked 
|  40|0x0000000708e00000, 0x0000000708e00000, 0x0000000708f00000|  0%| F|  |TAMS 0x0000000708e00000, 0x0000000708e00000| Untracked 
|  41|0x0000000708f00000, 0x0000000708f00000, 0x0000000709000000|  0%| F|  |TAMS 0x0000000708f00000, 0x0000000708f00000| Untracked 
|  42|0x0000000709000000, 0x0000000709000000, 0x0000000709100000|  0%| F|  |TAMS 0x0000000709000000, 0x0000000709000000| Untracked 
|  43|0x0000000709100000, 0x0000000709100000, 0x0000000709200000|  0%| F|  |TAMS 0x0000000709100000, 0x0000000709100000| Untracked 
|  44|0x0000000709200000, 0x0000000709200000, 0x0000000709300000|  0%| F|  |TAMS 0x0000000709200000, 0x0000000709200000| Untracked 
|  45|0x0000000709300000, 0x0000000709300000, 0x0000000709400000|  0%| F|  |TAMS 0x0000000709300000, 0x0000000709300000| Untracked 
|  46|0x0000000709400000, 0x0000000709400000, 0x0000000709500000|  0%| F|  |TAMS 0x0000000709400000, 0x0000000709400000| Untracked 
|  47|0x0000000709500000, 0x0000000709500000, 0x0000000709600000|  0%| F|  |TAMS 0x0000000709500000, 0x0000000709500000| Untracked 
|  48|0x0000000709600000, 0x0000000709600000, 0x0000000709700000|  0%| F|  |TAMS 0x0000000709600000, 0x0000000709600000| Untracked 
|  49|0x0000000709700000, 0x0000000709700000, 0x0000000709800000|  0%| F|  |TAMS 0x0000000709700000, 0x0000000709700000| Untracked 
|  50|0x0000000709800000, 0x0000000709800000, 0x0000000709900000|  0%| F|  |TAMS 0x0000000709800000, 0x0000000709800000| Untracked 
|  51|0x0000000709900000, 0x0000000709900000, 0x0000000709a00000|  0%| F|  |TAMS 0x0000000709900000, 0x0000000709900000| Untracked 
|  52|0x0000000709a00000, 0x0000000709a00000, 0x0000000709b00000|  0%| F|  |TAMS 0x0000000709a00000, 0x0000000709a00000| Untracked 
|  53|0x0000000709b00000, 0x0000000709b00000, 0x0000000709c00000|  0%| F|  |TAMS 0x0000000709b00000, 0x0000000709b00000| Untracked 
|  54|0x0000000709c00000, 0x0000000709c00000, 0x0000000709d00000|  0%| F|  |TAMS 0x0000000709c00000, 0x0000000709c00000| Untracked 
|  55|0x0000000709d00000, 0x0000000709d00000, 0x0000000709e00000|  0%| F|  |TAMS 0x0000000709d00000, 0x0000000709d00000| Untracked 
|  56|0x0000000709e00000, 0x0000000709e00000, 0x0000000709f00000|  0%| F|  |TAMS 0x0000000709e00000, 0x0000000709e00000| Untracked 
|  57|0x0000000709f00000, 0x0000000709f00000, 0x000000070a000000|  0%| F|  |TAMS 0x0000000709f00000, 0x0000000709f00000| Untracked 
|  58|0x000000070a000000, 0x000000070a000000, 0x000000070a100000|  0%| F|  |TAMS 0x000000070a000000, 0x000000070a000000| Untracked 
|  59|0x000000070a100000, 0x000000070a100000, 0x000000070a200000|  0%| F|  |TAMS 0x000000070a100000, 0x000000070a100000| Untracked 
|  60|0x000000070a200000, 0x000000070a200000, 0x000000070a300000|  0%| F|  |TAMS 0x000000070a200000, 0x000000070a200000| Untracked 
|  61|0x000000070a300000, 0x000000070a300000, 0x000000070a400000|  0%| F|  |TAMS 0x000000070a300000, 0x000000070a300000| Untracked 
|  62|0x000000070a400000, 0x000000070a400000, 0x000000070a500000|  0%| F|  |TAMS 0x000000070a400000, 0x000000070a400000| Untracked 
|  63|0x000000070a500000, 0x000000070a500000, 0x000000070a600000|  0%| F|  |TAMS 0x000000070a500000, 0x000000070a500000| Untracked 
|  64|0x000000070a600000, 0x000000070a600000, 0x000000070a700000|  0%| F|  |TAMS 0x000000070a600000, 0x000000070a600000| Untracked 
|  65|0x000000070a700000, 0x000000070a700000, 0x000000070a800000|  0%| F|  |TAMS 0x000000070a700000, 0x000000070a700000| Untracked 
|  66|0x000000070a800000, 0x000000070a800000, 0x000000070a900000|  0%| F|  |TAMS 0x000000070a800000, 0x000000070a800000| Untracked 
|  67|0x000000070a900000, 0x000000070a900000, 0x000000070aa00000|  0%| F|  |TAMS 0x000000070a900000, 0x000000070a900000| Untracked 
|  68|0x000000070aa00000, 0x000000070aa00000, 0x000000070ab00000|  0%| F|  |TAMS 0x000000070aa00000, 0x000000070aa00000| Untracked 
|  69|0x000000070ab00000, 0x000000070ab00000, 0x000000070ac00000|  0%| F|  |TAMS 0x000000070ab00000, 0x000000070ab00000| Untracked 
|  70|0x000000070ac00000, 0x000000070ac00000, 0x000000070ad00000|  0%| F|  |TAMS 0x000000070ac00000, 0x000000070ac00000| Untracked 
|  71|0x000000070ad00000, 0x000000070ad00000, 0x000000070ae00000|  0%| F|  |TAMS 0x000000070ad00000, 0x000000070ad00000| Untracked 
|  72|0x000000070ae00000, 0x000000070ae00000, 0x000000070af00000|  0%| F|  |TAMS 0x000000070ae00000, 0x000000070ae00000| Untracked 
|  73|0x000000070af00000, 0x000000070af00000, 0x000000070b000000|  0%| F|  |TAMS 0x000000070af00000, 0x000000070af00000| Untracked 
|  74|0x000000070b000000, 0x000000070b000000, 0x000000070b100000|  0%| F|  |TAMS 0x000000070b000000, 0x000000070b000000| Untracked 
|  75|0x000000070b100000, 0x000000070b100000, 0x000000070b200000|  0%| F|  |TAMS 0x000000070b100000, 0x000000070b100000| Untracked 
|  76|0x000000070b200000, 0x000000070b200000, 0x000000070b300000|  0%| F|  |TAMS 0x000000070b200000, 0x000000070b200000| Untracked 
|  77|0x000000070b300000, 0x000000070b300000, 0x000000070b400000|  0%| F|  |TAMS 0x000000070b300000, 0x000000070b300000| Untracked 
|  78|0x000000070b400000, 0x000000070b400000, 0x000000070b500000|  0%| F|  |TAMS 0x000000070b400000, 0x000000070b400000| Untracked 
|  79|0x000000070b500000, 0x000000070b500000, 0x000000070b600000|  0%| F|  |TAMS 0x000000070b500000, 0x000000070b500000| Untracked 
|  80|0x000000070b600000, 0x000000070b600000, 0x000000070b700000|  0%| F|  |TAMS 0x000000070b600000, 0x000000070b600000| Untracked 
|  81|0x000000070b700000, 0x000000070b700000, 0x000000070b800000|  0%| F|  |TAMS 0x000000070b700000, 0x000000070b700000| Untracked 
|  82|0x000000070b800000, 0x000000070b800000, 0x000000070b900000|  0%| F|  |TAMS 0x000000070b800000, 0x000000070b800000| Untracked 
|  83|0x000000070b900000, 0x000000070b900000, 0x000000070ba00000|  0%| F|  |TAMS 0x000000070b900000, 0x000000070b900000| Untracked 
|  84|0x000000070ba00000, 0x000000070ba00000, 0x000000070bb00000|  0%| F|  |TAMS 0x000000070ba00000, 0x000000070ba00000| Untracked 
|  85|0x000000070bb00000, 0x000000070bb00000, 0x000000070bc00000|  0%| F|  |TAMS 0x000000070bb00000, 0x000000070bb00000| Untracked 
|  86|0x000000070bc00000, 0x000000070bc00000, 0x000000070bd00000|  0%| F|  |TAMS 0x000000070bc00000, 0x000000070bc00000| Untracked 
|  87|0x000000070bd00000, 0x000000070bd00000, 0x000000070be00000|  0%| F|  |TAMS 0x000000070bd00000, 0x000000070bd00000| Untracked 
|  88|0x000000070be00000, 0x000000070be00000, 0x000000070bf00000|  0%| F|  |TAMS 0x000000070be00000, 0x000000070be00000| Untracked 
|  89|0x000000070bf00000, 0x000000070bf00000, 0x000000070c000000|  0%| F|  |TAMS 0x000000070bf00000, 0x000000070bf00000| Untracked 
|  90|0x000000070c000000, 0x000000070c000000, 0x000000070c100000|  0%| F|  |TAMS 0x000000070c000000, 0x000000070c000000| Untracked 
|  91|0x000000070c100000, 0x000000070c100000, 0x000000070c200000|  0%| F|  |TAMS 0x000000070c100000, 0x000000070c100000| Untracked 
|  92|0x000000070c200000, 0x000000070c200000, 0x000000070c300000|  0%| F|  |TAMS 0x000000070c200000, 0x000000070c200000| Untracked 
|  93|0x000000070c300000, 0x000000070c300000, 0x000000070c400000|  0%| F|  |TAMS 0x000000070c300000, 0x000000070c300000| Untracked 
|  94|0x000000070c400000, 0x000000070c400000, 0x000000070c500000|  0%| F|  |TAMS 0x000000070c400000, 0x000000070c400000| Untracked 
|  95|0x000000070c500000, 0x000000070c500000, 0x000000070c600000|  0%| F|  |TAMS 0x000000070c500000, 0x000000070c500000| Untracked 
|  96|0x000000070c600000, 0x000000070c600000, 0x000000070c700000|  0%| F|  |TAMS 0x000000070c600000, 0x000000070c600000| Untracked 
|  97|0x000000070c700000, 0x000000070c700000, 0x000000070c800000|  0%| F|  |TAMS 0x000000070c700000, 0x000000070c700000| Untracked 
|  98|0x000000070c800000, 0x000000070c800000, 0x000000070c900000|  0%| F|  |TAMS 0x000000070c800000, 0x000000070c800000| Untracked 
|  99|0x000000070c900000, 0x000000070c900000, 0x000000070ca00000|  0%| F|  |TAMS 0x000000070c900000, 0x000000070c900000| Untracked 
| 100|0x000000070ca00000, 0x000000070ca00000, 0x000000070cb00000|  0%| F|  |TAMS 0x000000070ca00000, 0x000000070ca00000| Untracked 
| 101|0x000000070cb00000, 0x000000070cb00000, 0x000000070cc00000|  0%| F|  |TAMS 0x000000070cb00000, 0x000000070cb00000| Untracked 
| 102|0x000000070cc00000, 0x000000070cc00000, 0x000000070cd00000|  0%| F|  |TAMS 0x000000070cc00000, 0x000000070cc00000| Untracked 
| 103|0x000000070cd00000, 0x000000070cd00000, 0x000000070ce00000|  0%| F|  |TAMS 0x000000070cd00000, 0x000000070cd00000| Untracked 
| 104|0x000000070ce00000, 0x000000070ce00000, 0x000000070cf00000|  0%| F|  |TAMS 0x000000070ce00000, 0x000000070ce00000| Untracked 
| 105|0x000000070cf00000, 0x000000070cf00000, 0x000000070d000000|  0%| F|  |TAMS 0x000000070cf00000, 0x000000070cf00000| Untracked 
| 106|0x000000070d000000, 0x000000070d000000, 0x000000070d100000|  0%| F|  |TAMS 0x000000070d000000, 0x000000070d000000| Untracked 
| 107|0x000000070d100000, 0x000000070d100000, 0x000000070d200000|  0%| F|  |TAMS 0x000000070d100000, 0x000000070d100000| Untracked 
| 108|0x000000070d200000, 0x000000070d200000, 0x000000070d300000|  0%| F|  |TAMS 0x000000070d200000, 0x000000070d200000| Untracked 
| 109|0x000000070d300000, 0x000000070d300000, 0x000000070d400000|  0%| F|  |TAMS 0x000000070d300000, 0x000000070d300000| Untracked 
| 110|0x000000070d400000, 0x000000070d400000, 0x000000070d500000|  0%| F|  |TAMS 0x000000070d400000, 0x000000070d400000| Untracked 
| 111|0x000000070d500000, 0x000000070d500000, 0x000000070d600000|  0%| F|  |TAMS 0x000000070d500000, 0x000000070d500000| Untracked 
| 112|0x000000070d600000, 0x000000070d600000, 0x000000070d700000|  0%| F|  |TAMS 0x000000070d600000, 0x000000070d600000| Untracked 
| 113|0x000000070d700000, 0x000000070d700000, 0x000000070d800000|  0%| F|  |TAMS 0x000000070d700000, 0x000000070d700000| Untracked 
| 114|0x000000070d800000, 0x000000070d800000, 0x000000070d900000|  0%| F|  |TAMS 0x000000070d800000, 0x000000070d800000| Untracked 
| 115|0x000000070d900000, 0x000000070d900000, 0x000000070da00000|  0%| F|  |TAMS 0x000000070d900000, 0x000000070d900000| Untracked 
| 116|0x000000070da00000, 0x000000070da00000, 0x000000070db00000|  0%| F|  |TAMS 0x000000070da00000, 0x000000070da00000| Untracked 
| 117|0x000000070db00000, 0x000000070db00000, 0x000000070dc00000|  0%| F|  |TAMS 0x000000070db00000, 0x000000070db00000| Untracked 
| 118|0x000000070dc00000, 0x000000070dc00000, 0x000000070dd00000|  0%| F|  |TAMS 0x000000070dc00000, 0x000000070dc00000| Untracked 
| 119|0x000000070dd00000, 0x000000070dd00000, 0x000000070de00000|  0%| F|  |TAMS 0x000000070dd00000, 0x000000070dd00000| Untracked 
| 120|0x000000070de00000, 0x000000070de00000, 0x000000070df00000|  0%| F|  |TAMS 0x000000070de00000, 0x000000070de00000| Untracked 
| 121|0x000000070df00000, 0x000000070df00000, 0x000000070e000000|  0%| F|  |TAMS 0x000000070df00000, 0x000000070df00000| Untracked 
| 122|0x000000070e000000, 0x000000070e000000, 0x000000070e100000|  0%| F|  |TAMS 0x000000070e000000, 0x000000070e000000| Untracked 
| 123|0x000000070e100000, 0x000000070e100000, 0x000000070e200000|  0%| F|  |TAMS 0x000000070e100000, 0x000000070e100000| Untracked 
| 124|0x000000070e200000, 0x000000070e200000, 0x000000070e300000|  0%| F|  |TAMS 0x000000070e200000, 0x000000070e200000| Untracked 
| 125|0x000000070e300000, 0x000000070e300000, 0x000000070e400000|  0%| F|  |TAMS 0x000000070e300000, 0x000000070e300000| Untracked 
| 126|0x000000070e400000, 0x000000070e400000, 0x000000070e500000|  0%| F|  |TAMS 0x000000070e400000, 0x000000070e400000| Untracked 
| 127|0x000000070e500000, 0x000000070e500000, 0x000000070e600000|  0%| F|  |TAMS 0x000000070e500000, 0x000000070e500000| Untracked 
| 128|0x000000070e600000, 0x000000070e600000, 0x000000070e700000|  0%| F|  |TAMS 0x000000070e600000, 0x000000070e600000| Untracked 
| 129|0x000000070e700000, 0x000000070e700000, 0x000000070e800000|  0%| F|  |TAMS 0x000000070e700000, 0x000000070e700000| Untracked 
| 130|0x000000070e800000, 0x000000070e800000, 0x000000070e900000|  0%| F|  |TAMS 0x000000070e800000, 0x000000070e800000| Untracked 
| 131|0x000000070e900000, 0x000000070e900000, 0x000000070ea00000|  0%| F|  |TAMS 0x000000070e900000, 0x000000070e900000| Untracked 
| 132|0x000000070ea00000, 0x000000070ea00000, 0x000000070eb00000|  0%| F|  |TAMS 0x000000070ea00000, 0x000000070ea00000| Untracked 
| 133|0x000000070eb00000, 0x000000070eb00000, 0x000000070ec00000|  0%| F|  |TAMS 0x000000070eb00000, 0x000000070eb00000| Untracked 
| 134|0x000000070ec00000, 0x000000070ec00000, 0x000000070ed00000|  0%| F|  |TAMS 0x000000070ec00000, 0x000000070ec00000| Untracked 
| 135|0x000000070ed00000, 0x000000070ed00000, 0x000000070ee00000|  0%| F|  |TAMS 0x000000070ed00000, 0x000000070ed00000| Untracked 
| 136|0x000000070ee00000, 0x000000070ee00000, 0x000000070ef00000|  0%| F|  |TAMS 0x000000070ee00000, 0x000000070ee00000| Untracked 
| 137|0x000000070ef00000, 0x000000070ef00000, 0x000000070f000000|  0%| F|  |TAMS 0x000000070ef00000, 0x000000070ef00000| Untracked 
| 138|0x000000070f000000, 0x000000070f000000, 0x000000070f100000|  0%| F|  |TAMS 0x000000070f000000, 0x000000070f000000| Untracked 
| 139|0x000000070f100000, 0x000000070f100000, 0x000000070f200000|  0%| F|  |TAMS 0x000000070f100000, 0x000000070f100000| Untracked 
| 140|0x000000070f200000, 0x000000070f200000, 0x000000070f300000|  0%| F|  |TAMS 0x000000070f200000, 0x000000070f200000| Untracked 
| 141|0x000000070f300000, 0x000000070f300000, 0x000000070f400000|  0%| F|  |TAMS 0x000000070f300000, 0x000000070f300000| Untracked 
| 142|0x000000070f400000, 0x000000070f400000, 0x000000070f500000|  0%| F|  |TAMS 0x000000070f400000, 0x000000070f400000| Untracked 
| 143|0x000000070f500000, 0x000000070f500000, 0x000000070f600000|  0%| F|  |TAMS 0x000000070f500000, 0x000000070f500000| Untracked 
| 144|0x000000070f600000, 0x000000070f600000, 0x000000070f700000|  0%| F|  |TAMS 0x000000070f600000, 0x000000070f600000| Untracked 
| 145|0x000000070f700000, 0x000000070f700000, 0x000000070f800000|  0%| F|  |TAMS 0x000000070f700000, 0x000000070f700000| Untracked 
| 146|0x000000070f800000, 0x000000070f800000, 0x000000070f900000|  0%| F|  |TAMS 0x000000070f800000, 0x000000070f800000| Untracked 
| 147|0x000000070f900000, 0x000000070f900000, 0x000000070fa00000|  0%| F|  |TAMS 0x000000070f900000, 0x000000070f900000| Untracked 
| 148|0x000000070fa00000, 0x000000070fa00000, 0x000000070fb00000|  0%| F|  |TAMS 0x000000070fa00000, 0x000000070fa00000| Untracked 
| 149|0x000000070fb00000, 0x000000070fb00000, 0x000000070fc00000|  0%| F|  |TAMS 0x000000070fb00000, 0x000000070fb00000| Untracked 
| 150|0x000000070fc00000, 0x000000070fc00000, 0x000000070fd00000|  0%| F|  |TAMS 0x000000070fc00000, 0x000000070fc00000| Untracked 
| 151|0x000000070fd00000, 0x000000070fd00000, 0x000000070fe00000|  0%| F|  |TAMS 0x000000070fd00000, 0x000000070fd00000| Untracked 
| 152|0x000000070fe00000, 0x000000070fe00000, 0x000000070ff00000|  0%| F|  |TAMS 0x000000070fe00000, 0x000000070fe00000| Untracked 
| 153|0x000000070ff00000, 0x000000070ff00000, 0x0000000710000000|  0%| F|  |TAMS 0x000000070ff00000, 0x000000070ff00000| Untracked 
| 154|0x0000000710000000, 0x0000000710000000, 0x0000000710100000|  0%| F|  |TAMS 0x0000000710000000, 0x0000000710000000| Untracked 
| 155|0x0000000710100000, 0x0000000710100000, 0x0000000710200000|  0%| F|  |TAMS 0x0000000710100000, 0x0000000710100000| Untracked 
| 156|0x0000000710200000, 0x0000000710200000, 0x0000000710300000|  0%| F|  |TAMS 0x0000000710200000, 0x0000000710200000| Untracked 
| 157|0x0000000710300000, 0x0000000710300000, 0x0000000710400000|  0%| F|  |TAMS 0x0000000710300000, 0x0000000710300000| Untracked 
| 158|0x0000000710400000, 0x0000000710400000, 0x0000000710500000|  0%| F|  |TAMS 0x0000000710400000, 0x0000000710400000| Untracked 
| 159|0x0000000710500000, 0x0000000710500000, 0x0000000710600000|  0%| F|  |TAMS 0x0000000710500000, 0x0000000710500000| Untracked 
| 160|0x0000000710600000, 0x0000000710600000, 0x0000000710700000|  0%| F|  |TAMS 0x0000000710600000, 0x0000000710600000| Untracked 
| 161|0x0000000710700000, 0x0000000710700000, 0x0000000710800000|  0%| F|  |TAMS 0x0000000710700000, 0x0000000710700000| Untracked 
| 162|0x0000000710800000, 0x0000000710800000, 0x0000000710900000|  0%| F|  |TAMS 0x0000000710800000, 0x0000000710800000| Untracked 
| 163|0x0000000710900000, 0x0000000710900000, 0x0000000710a00000|  0%| F|  |TAMS 0x0000000710900000, 0x0000000710900000| Untracked 
| 164|0x0000000710a00000, 0x0000000710a00000, 0x0000000710b00000|  0%| F|  |TAMS 0x0000000710a00000, 0x0000000710a00000| Untracked 
| 165|0x0000000710b00000, 0x0000000710b00000, 0x0000000710c00000|  0%| F|  |TAMS 0x0000000710b00000, 0x0000000710b00000| Untracked 
| 166|0x0000000710c00000, 0x0000000710c00000, 0x0000000710d00000|  0%| F|  |TAMS 0x0000000710c00000, 0x0000000710c00000| Untracked 
| 167|0x0000000710d00000, 0x0000000710d00000, 0x0000000710e00000|  0%| F|  |TAMS 0x0000000710d00000, 0x0000000710d00000| Untracked 
| 168|0x0000000710e00000, 0x0000000710e00000, 0x0000000710f00000|  0%| F|  |TAMS 0x0000000710e00000, 0x0000000710e00000| Untracked 
| 169|0x0000000710f00000, 0x0000000710f00000, 0x0000000711000000|  0%| F|  |TAMS 0x0000000710f00000, 0x0000000710f00000| Untracked 
| 170|0x0000000711000000, 0x0000000711000000, 0x0000000711100000|  0%| F|  |TAMS 0x0000000711000000, 0x0000000711000000| Untracked 
| 171|0x0000000711100000, 0x0000000711100000, 0x0000000711200000|  0%| F|  |TAMS 0x0000000711100000, 0x0000000711100000| Untracked 
| 172|0x0000000711200000, 0x0000000711200000, 0x0000000711300000|  0%| F|  |TAMS 0x0000000711200000, 0x0000000711200000| Untracked 
| 173|0x0000000711300000, 0x0000000711300000, 0x0000000711400000|  0%| F|  |TAMS 0x0000000711300000, 0x0000000711300000| Untracked 
| 174|0x0000000711400000, 0x0000000711400000, 0x0000000711500000|  0%| F|  |TAMS 0x0000000711400000, 0x0000000711400000| Untracked 
| 175|0x0000000711500000, 0x0000000711500000, 0x0000000711600000|  0%| F|  |TAMS 0x0000000711500000, 0x0000000711500000| Untracked 
| 176|0x0000000711600000, 0x0000000711600000, 0x0000000711700000|  0%| F|  |TAMS 0x0000000711600000, 0x0000000711600000| Untracked 
| 177|0x0000000711700000, 0x0000000711700000, 0x0000000711800000|  0%| F|  |TAMS 0x0000000711700000, 0x0000000711700000| Untracked 
| 178|0x0000000711800000, 0x0000000711800000, 0x0000000711900000|  0%| F|  |TAMS 0x0000000711800000, 0x0000000711800000| Untracked 
| 179|0x0000000711900000, 0x0000000711900000, 0x0000000711a00000|  0%| F|  |TAMS 0x0000000711900000, 0x0000000711900000| Untracked 
| 180|0x0000000711a00000, 0x0000000711a00000, 0x0000000711b00000|  0%| F|  |TAMS 0x0000000711a00000, 0x0000000711a00000| Untracked 
| 181|0x0000000711b00000, 0x0000000711b00000, 0x0000000711c00000|  0%| F|  |TAMS 0x0000000711b00000, 0x0000000711b00000| Untracked 
| 182|0x0000000711c00000, 0x0000000711c00000, 0x0000000711d00000|  0%| F|  |TAMS 0x0000000711c00000, 0x0000000711c00000| Untracked 
| 183|0x0000000711d00000, 0x0000000711d00000, 0x0000000711e00000|  0%| F|  |TAMS 0x0000000711d00000, 0x0000000711d00000| Untracked 
| 184|0x0000000711e00000, 0x0000000711e00000, 0x0000000711f00000|  0%| F|  |TAMS 0x0000000711e00000, 0x0000000711e00000| Untracked 
| 185|0x0000000711f00000, 0x0000000711f00000, 0x0000000712000000|  0%| F|  |TAMS 0x0000000711f00000, 0x0000000711f00000| Untracked 
| 186|0x0000000712000000, 0x0000000712000000, 0x0000000712100000|  0%| F|  |TAMS 0x0000000712000000, 0x0000000712000000| Untracked 
| 187|0x0000000712100000, 0x0000000712100000, 0x0000000712200000|  0%| F|  |TAMS 0x0000000712100000, 0x0000000712100000| Untracked 
| 188|0x0000000712200000, 0x0000000712200000, 0x0000000712300000|  0%| F|  |TAMS 0x0000000712200000, 0x0000000712200000| Untracked 
| 189|0x0000000712300000, 0x0000000712300000, 0x0000000712400000|  0%| F|  |TAMS 0x0000000712300000, 0x0000000712300000| Untracked 
| 190|0x0000000712400000, 0x0000000712400000, 0x0000000712500000|  0%| F|  |TAMS 0x0000000712400000, 0x0000000712400000| Untracked 
| 191|0x0000000712500000, 0x0000000712500000, 0x0000000712600000|  0%| F|  |TAMS 0x0000000712500000, 0x0000000712500000| Untracked 
| 192|0x0000000712600000, 0x0000000712600000, 0x0000000712700000|  0%| F|  |TAMS 0x0000000712600000, 0x0000000712600000| Untracked 
| 193|0x0000000712700000, 0x0000000712700000, 0x0000000712800000|  0%| F|  |TAMS 0x0000000712700000, 0x0000000712700000| Untracked 
| 194|0x0000000712800000, 0x0000000712800000, 0x0000000712900000|  0%| F|  |TAMS 0x0000000712800000, 0x0000000712800000| Untracked 
| 195|0x0000000712900000, 0x0000000712900000, 0x0000000712a00000|  0%| F|  |TAMS 0x0000000712900000, 0x0000000712900000| Untracked 
| 196|0x0000000712a00000, 0x0000000712a00000, 0x0000000712b00000|  0%| F|  |TAMS 0x0000000712a00000, 0x0000000712a00000| Untracked 
| 197|0x0000000712b00000, 0x0000000712b00000, 0x0000000712c00000|  0%| F|  |TAMS 0x0000000712b00000, 0x0000000712b00000| Untracked 
| 198|0x0000000712c00000, 0x0000000712c00000, 0x0000000712d00000|  0%| F|  |TAMS 0x0000000712c00000, 0x0000000712c00000| Untracked 
| 199|0x0000000712d00000, 0x0000000712d00000, 0x0000000712e00000|  0%| F|  |TAMS 0x0000000712d00000, 0x0000000712d00000| Untracked 
| 200|0x0000000712e00000, 0x0000000712e00000, 0x0000000712f00000|  0%| F|  |TAMS 0x0000000712e00000, 0x0000000712e00000| Untracked 
| 201|0x0000000712f00000, 0x0000000712f00000, 0x0000000713000000|  0%| F|  |TAMS 0x0000000712f00000, 0x0000000712f00000| Untracked 
| 202|0x0000000713000000, 0x0000000713000000, 0x0000000713100000|  0%| F|  |TAMS 0x0000000713000000, 0x0000000713000000| Untracked 
| 203|0x0000000713100000, 0x0000000713100000, 0x0000000713200000|  0%| F|  |TAMS 0x0000000713100000, 0x0000000713100000| Untracked 
| 204|0x0000000713200000, 0x0000000713200000, 0x0000000713300000|  0%| F|  |TAMS 0x0000000713200000, 0x0000000713200000| Untracked 
| 205|0x0000000713300000, 0x0000000713300000, 0x0000000713400000|  0%| F|  |TAMS 0x0000000713300000, 0x0000000713300000| Untracked 
| 206|0x0000000713400000, 0x0000000713400000, 0x0000000713500000|  0%| F|  |TAMS 0x0000000713400000, 0x0000000713400000| Untracked 
| 207|0x0000000713500000, 0x0000000713500000, 0x0000000713600000|  0%| F|  |TAMS 0x0000000713500000, 0x0000000713500000| Untracked 
| 208|0x0000000713600000, 0x0000000713600000, 0x0000000713700000|  0%| F|  |TAMS 0x0000000713600000, 0x0000000713600000| Untracked 
| 209|0x0000000713700000, 0x0000000713700000, 0x0000000713800000|  0%| F|  |TAMS 0x0000000713700000, 0x0000000713700000| Untracked 
| 210|0x0000000713800000, 0x0000000713800000, 0x0000000713900000|  0%| F|  |TAMS 0x0000000713800000, 0x0000000713800000| Untracked 
| 211|0x0000000713900000, 0x0000000713900000, 0x0000000713a00000|  0%| F|  |TAMS 0x0000000713900000, 0x0000000713900000| Untracked 
| 212|0x0000000713a00000, 0x0000000713a00000, 0x0000000713b00000|  0%| F|  |TAMS 0x0000000713a00000, 0x0000000713a00000| Untracked 
| 213|0x0000000713b00000, 0x0000000713b00000, 0x0000000713c00000|  0%| F|  |TAMS 0x0000000713b00000, 0x0000000713b00000| Untracked 
| 214|0x0000000713c00000, 0x0000000713c00000, 0x0000000713d00000|  0%| F|  |TAMS 0x0000000713c00000, 0x0000000713c00000| Untracked 
| 215|0x0000000713d00000, 0x0000000713d00000, 0x0000000713e00000|  0%| F|  |TAMS 0x0000000713d00000, 0x0000000713d00000| Untracked 
| 216|0x0000000713e00000, 0x0000000713e00000, 0x0000000713f00000|  0%| F|  |TAMS 0x0000000713e00000, 0x0000000713e00000| Untracked 
| 217|0x0000000713f00000, 0x0000000713f00000, 0x0000000714000000|  0%| F|  |TAMS 0x0000000713f00000, 0x0000000713f00000| Untracked 
| 218|0x0000000714000000, 0x0000000714000000, 0x0000000714100000|  0%| F|  |TAMS 0x0000000714000000, 0x0000000714000000| Untracked 
| 219|0x0000000714100000, 0x0000000714100000, 0x0000000714200000|  0%| F|  |TAMS 0x0000000714100000, 0x0000000714100000| Untracked 
| 220|0x0000000714200000, 0x0000000714200000, 0x0000000714300000|  0%| F|  |TAMS 0x0000000714200000, 0x0000000714200000| Untracked 
| 221|0x0000000714300000, 0x0000000714300000, 0x0000000714400000|  0%| F|  |TAMS 0x0000000714300000, 0x0000000714300000| Untracked 
| 222|0x0000000714400000, 0x0000000714400000, 0x0000000714500000|  0%| F|  |TAMS 0x0000000714400000, 0x0000000714400000| Untracked 
| 223|0x0000000714500000, 0x0000000714500000, 0x0000000714600000|  0%| F|  |TAMS 0x0000000714500000, 0x0000000714500000| Untracked 
| 224|0x0000000714600000, 0x0000000714600000, 0x0000000714700000|  0%| F|  |TAMS 0x0000000714600000, 0x0000000714600000| Untracked 
| 225|0x0000000714700000, 0x0000000714700000, 0x0000000714800000|  0%| F|  |TAMS 0x0000000714700000, 0x0000000714700000| Untracked 
| 226|0x0000000714800000, 0x0000000714800000, 0x0000000714900000|  0%| F|  |TAMS 0x0000000714800000, 0x0000000714800000| Untracked 
| 227|0x0000000714900000, 0x0000000714900000, 0x0000000714a00000|  0%| F|  |TAMS 0x0000000714900000, 0x0000000714900000| Untracked 
| 228|0x0000000714a00000, 0x0000000714a00000, 0x0000000714b00000|  0%| F|  |TAMS 0x0000000714a00000, 0x0000000714a00000| Untracked 
| 229|0x0000000714b00000, 0x0000000714b00000, 0x0000000714c00000|  0%| F|  |TAMS 0x0000000714b00000, 0x0000000714b00000| Untracked 
| 230|0x0000000714c00000, 0x0000000714cd78f0, 0x0000000714d00000| 84%| E|  |TAMS 0x0000000714c00000, 0x0000000714c00000| Complete 
| 231|0x0000000714d00000, 0x0000000714e00000, 0x0000000714e00000|100%| E|CS|TAMS 0x0000000714d00000, 0x0000000714d00000| Complete 
| 232|0x0000000714e00000, 0x0000000714f00000, 0x0000000714f00000|100%| E|CS|TAMS 0x0000000714e00000, 0x0000000714e00000| Complete 
| 233|0x0000000714f00000, 0x0000000715000000, 0x0000000715000000|100%| E|CS|TAMS 0x0000000714f00000, 0x0000000714f00000| Complete 
| 234|0x0000000715000000, 0x0000000715100000, 0x0000000715100000|100%| E|CS|TAMS 0x0000000715000000, 0x0000000715000000| Complete 
| 235|0x0000000715100000, 0x0000000715200000, 0x0000000715200000|100%| E|CS|TAMS 0x0000000715100000, 0x0000000715100000| Complete 
| 236|0x0000000715200000, 0x0000000715300000, 0x0000000715300000|100%| E|CS|TAMS 0x0000000715200000, 0x0000000715200000| Complete 
| 237|0x0000000715300000, 0x0000000715400000, 0x0000000715400000|100%| E|CS|TAMS 0x0000000715300000, 0x0000000715300000| Complete 
| 238|0x0000000715400000, 0x0000000715500000, 0x0000000715500000|100%| E|CS|TAMS 0x0000000715400000, 0x0000000715400000| Complete 
| 239|0x0000000715500000, 0x0000000715600000, 0x0000000715600000|100%| E|CS|TAMS 0x0000000715500000, 0x0000000715500000| Complete 
| 240|0x0000000715600000, 0x0000000715700000, 0x0000000715700000|100%| E|CS|TAMS 0x0000000715600000, 0x0000000715600000| Complete 
| 241|0x0000000715700000, 0x0000000715800000, 0x0000000715800000|100%| E|CS|TAMS 0x0000000715700000, 0x0000000715700000| Complete 
| 242|0x0000000715800000, 0x0000000715900000, 0x0000000715900000|100%| E|CS|TAMS 0x0000000715800000, 0x0000000715800000| Complete 
| 243|0x0000000715900000, 0x0000000715a00000, 0x0000000715a00000|100%| E|CS|TAMS 0x0000000715900000, 0x0000000715900000| Complete 
| 244|0x0000000715a00000, 0x0000000715b00000, 0x0000000715b00000|100%| E|CS|TAMS 0x0000000715a00000, 0x0000000715a00000| Complete 
| 245|0x0000000715b00000, 0x0000000715c00000, 0x0000000715c00000|100%| E|CS|TAMS 0x0000000715b00000, 0x0000000715b00000| Complete 
| 246|0x0000000715c00000, 0x0000000715d00000, 0x0000000715d00000|100%| E|CS|TAMS 0x0000000715c00000, 0x0000000715c00000| Complete 
| 247|0x0000000715d00000, 0x0000000715e00000, 0x0000000715e00000|100%| E|CS|TAMS 0x0000000715d00000, 0x0000000715d00000| Complete 
| 248|0x0000000715e00000, 0x0000000715f00000, 0x0000000715f00000|100%| E|CS|TAMS 0x0000000715e00000, 0x0000000715e00000| Complete 
| 249|0x0000000715f00000, 0x0000000716000000, 0x0000000716000000|100%| E|CS|TAMS 0x0000000715f00000, 0x0000000715f00000| Complete 

Card table byte_map: [0x0000021f78f50000,0x0000021f79720000] _byte_map_base: 0x0000021f7571d000

Marking Bits (Prev, Next): (CMBitMap*) 0x0000021f74a14238, (CMBitMap*) 0x0000021f74a14278
 Prev Bits: [0x0000021f79ef0000, 0x0000021f7dd58000)
 Next Bits: [0x0000021f0f000000, 0x0000021f12e68000)

Polling page: 0x0000021f74180000

Metaspace:

Usage:
  Non-class:     12.39 MB capacity,    12.24 MB ( 99%) used,   125.47 KB ( <1%) free+waste,    23.81 KB ( <1%) overhead. 
      Class:      1.43 MB capacity,     1.32 MB ( 93%) used,    95.43 KB (  7%) free+waste,    13.06 KB ( <1%) overhead. 
       Both:     13.82 MB capacity,    13.57 MB ( 98%) used,   220.90 KB (  2%) free+waste,    36.88 KB ( <1%) overhead. 

Virtual space:
  Non-class space:       14.00 MB reserved,      12.50 MB ( 89%) committed 
      Class space:        1.00 GB reserved,       1.50 MB ( <1%) committed 
             Both:        1.01 GB reserved,      14.00 MB (  1%) committed 

Chunk freelists:
   Non-Class:  49.00 KB
       Class:  7.00 KB
        Both:  56.00 KB

MaxMetaspaceSize: 17179869184.00 GB
CompressedClassSpaceSize: 1.00 GB

CodeHeap 'non-profiled nmethods': size=120000Kb used=421Kb max_used=421Kb free=119578Kb
 bounds [0x0000021f07ad0000, 0x0000021f07d40000, 0x0000021f0f000000]
CodeHeap 'profiled nmethods': size=120000Kb used=2145Kb max_used=2145Kb free=117855Kb
 bounds [0x0000021f005a0000, 0x0000021f00810000, 0x0000021f07ad0000]
CodeHeap 'non-nmethods': size=5760Kb used=1261Kb max_used=1279Kb free=4498Kb
 bounds [0x0000021f00000000, 0x0000021f00270000, 0x0000021f005a0000]
 total_blobs=1722 nmethods=1181 adapters=454
 compilation: enabled
              stopped_count=0, restarted_count=0
 full_count=0

Compilation events (20 events):
Event: 12.336 Thread 0x0000021f13f4e000 nmethod 1172 0x0000021f007b0710 code [0x0000021f007b09e0, 0x0000021f007b14c8]
Event: 12.337 Thread 0x0000021f13f4e000 1173   !   3       javax.swing.RepaintManager::getDoubleBufferMaximumSize (112 bytes)
Event: 12.337 Thread 0x0000021f13f4e000 nmethod 1173 0x0000021f007b1790 code [0x0000021f007b1a00, 0x0000021f007b2658]
Event: 12.337 Thread 0x0000021f13f4e000 1179   !   3       javax.swing.RepaintManager$PaintManager::paintDoubleBufferedImpl (294 bytes)
Event: 12.338 Thread 0x0000021f13f4e000 nmethod 1179 0x0000021f007b2c10 code [0x0000021f007b2ea0, 0x0000021f007b3d08]
Event: 12.338 Thread 0x0000021f13f4e000 1174       3       sun.awt.image.SunVolatileImage::validate (9 bytes)
Event: 12.338 Thread 0x0000021f13f4e000 nmethod 1174 0x0000021f007b4310 code [0x0000021f007b44c0, 0x0000021f007b4688]
Event: 12.338 Thread 0x0000021f13f4e000 1175   !   3       sun.awt.image.VolatileSurfaceManager::validate (213 bytes)
Event: 12.338 Thread 0x0000021f13f4e000 nmethod 1175 0x0000021f007b4790 code [0x0000021f007b4a20, 0x0000021f007b5c88]
Event: 12.338 Thread 0x0000021f13f4e000 1176       3       javax.swing.RepaintManager$PaintManager::isPixelsCopying (68 bytes)
Event: 12.339 Thread 0x0000021f13f4e000 nmethod 1176 0x0000021f007b5f90 code [0x0000021f007b61c0, 0x0000021f007b6d08]
Event: 12.339 Thread 0x0000021f13f4e000 1177       3       javax.swing.RepaintManager$PaintManager::getTransform (32 bytes)
Event: 12.339 Thread 0x0000021f13f4e000 nmethod 1177 0x0000021f007b6f90 code [0x0000021f007b7160, 0x0000021f007b77c8]
Event: 12.339 Thread 0x0000021f13f4e000 1178       3       sun.swing.SwingUtilities2::isFloatingPointScale (58 bytes)
Event: 12.339 Thread 0x0000021f13f4e000 nmethod 1178 0x0000021f007b7910 code [0x0000021f007b7ae0, 0x0000021f007b7ee8]
Event: 12.339 Thread 0x0000021f13f4e000 1180       3       java.awt.image.VolatileImage::getGraphics (5 bytes)
Event: 12.339 Thread 0x0000021f13f4e000 nmethod 1180 0x0000021f007b8010 code [0x0000021f007b81c0, 0x0000021f007b8388]
Event: 12.350 Thread 0x0000021f13ee8800 1181       4       java.util.TaskQueue::getMin (7 bytes)
Event: 12.350 Thread 0x0000021f13ee8800 nmethod 1181 0x0000021f07b39410 code [0x0000021f07b395a0, 0x0000021f07b39678]
Event: 12.722 Thread 0x0000021f13ee8800 1182       4       hackoverflow.game.main.GamePanel::paint (211 bytes)

GC Heap History (0 events):
No events

Deoptimization events (20 events):
Event: 1.405 Thread 0x0000021f14643800 DEOPT PACKING pc=0x0000021f07b096dc sp=0x0000002c4a3fee30
Event: 1.405 Thread 0x0000021f14643800 DEOPT UNPACKING pc=0x0000021f0004912f sp=0x0000002c4a3feda8 mode 2
Event: 2.426 Thread 0x0000021f14643800 DEOPT PACKING pc=0x0000021f006f1307 sp=0x0000002c4a3fea80
Event: 2.426 Thread 0x0000021f14643800 DEOPT UNPACKING pc=0x0000021f0004964e sp=0x0000002c4a3fdf18 mode 3
Event: 3.776 Thread 0x0000021f146d2000 DEOPT PACKING pc=0x0000021f006cd696 sp=0x0000002c4a4fdb60
Event: 3.776 Thread 0x0000021f146d2000 DEOPT UNPACKING pc=0x0000021f0004964e sp=0x0000002c4a4fd040 mode 0
Event: 5.658 Thread 0x0000021f146d2000 Uncommon trap: trap_request=0xffffff45 fr.pc=0x0000021f07b1d7bc relative=0x000000000000087c
Event: 5.659 Thread 0x0000021f146d2000 Uncommon trap: reason=unstable_if action=reinterpret pc=0x0000021f07b1d7bc method=sun.java2d.loops.GraphicsPrimitiveMgr.locatePrim(ILsun/java2d/loops/SurfaceType;Lsun/java2d/loops/CompositeType;Lsun/java2d/loops/SurfaceType;)Lsun/java2d/loops/GraphicsPrim
Event: 5.659 Thread 0x0000021f146d2000 DEOPT PACKING pc=0x0000021f07b1d7bc sp=0x0000002c4a4fd910
Event: 5.659 Thread 0x0000021f146d2000 DEOPT UNPACKING pc=0x0000021f0004912f sp=0x0000002c4a4fd8d8 mode 2
Event: 6.970 Thread 0x0000021f14643800 DEOPT PACKING pc=0x0000021f00700038 sp=0x0000002c4a3fed60
Event: 6.970 Thread 0x0000021f14643800 DEOPT UNPACKING pc=0x0000021f0004964e sp=0x0000002c4a3fe2e8 mode 0
Event: 8.544 Thread 0x0000021f146d2000 DEOPT PACKING pc=0x0000021f00759970 sp=0x0000002c4a4fdb40
Event: 8.545 Thread 0x0000021f146d2000 DEOPT UNPACKING pc=0x0000021f0004964e sp=0x0000002c4a4fd020 mode 0
Event: 9.690 Thread 0x0000021f14643800 DEOPT PACKING pc=0x0000021f007061bd sp=0x0000002c4a3feea0
Event: 9.690 Thread 0x0000021f14643800 DEOPT UNPACKING pc=0x0000021f0004964e sp=0x0000002c4a3fe3c0 mode 0
Event: 10.496 Thread 0x0000021f146d2000 DEOPT PACKING pc=0x0000021f006f532b sp=0x0000002c4a4fee20
Event: 10.496 Thread 0x0000021f146d2000 DEOPT UNPACKING pc=0x0000021f0004964e sp=0x0000002c4a4fe2b0 mode 0
Event: 12.722 Thread 0x0000021f146d2000 DEOPT PACKING pc=0x0000021f0071a8b9 sp=0x0000002c4a4fe440
Event: 12.722 Thread 0x0000021f146d2000 DEOPT UNPACKING pc=0x0000021f0004964e sp=0x0000002c4a4fd948 mode 0

Classes unloaded (0 events):
No events

Classes redefined (0 events):
No events

Internal exceptions (12 events):
Event: 0.356 Thread 0x0000021f749ad000 Exception <a 'java/lang/ClassNotFoundException'{0x0000000715ebd0e8}: sun/awt/resources/spi/awtProvider> (0x0000000715ebd0e8) 
thrown [./open/src/hotspot/share/classfile/systemDictionary.cpp, line 226]
Event: 0.402 Thread 0x0000021f749ad000 Exception <a 'java/io/FileNotFoundException'{0x0000000715d119a0}> (0x0000000715d119a0) 
thrown [./open/src/hotspot/share/prims/jni.cpp, line 599]
Event: 0.410 Thread 0x0000021f749ad000 Exception <a 'java/io/FileNotFoundException'{0x0000000715d37db8}> (0x0000000715d37db8) 
thrown [./open/src/hotspot/share/prims/jni.cpp, line 599]
Event: 0.531 Thread 0x0000021f1453f000 Exception <a 'java/lang/NoSuchMethodError'{0x0000000715ddc7b8}: 'void java.lang.invoke.DirectMethodHandle$Holder.invokeSpecial(java.lang.Object, java.lang.Object)'> (0x0000000715ddc7b8) 
thrown [./open/src/hotspot/share/interpreter/linkResolver.cpp, line 766]
Event: 0.574 Thread 0x0000021f749ad000 Exception <a 'java/lang/NoSuchMethodError'{0x0000000715c21178}: 'java.lang.Object java.lang.invoke.DirectMethodHandle$Holder.invokeStatic(java.lang.Object, int, java.lang.Object, java.lang.Object, java.lang.Object, java.lang.Object)'> (0x0000000715c21178) 
thrown [./open/src/hotspot/share/interpreter/linkResolver.cpp, line 766]
Event: 0.575 Thread 0x0000021f749ad000 Exception <a 'java/lang/NoSuchMethodError'{0x0000000715c27a98}: 'java.lang.Object java.lang.invoke.DirectMethodHandle$Holder.invokeStatic(java.lang.Object, int, java.lang.Object, java.lang.Object, java.lang.Object)'> (0x0000000715c27a98) 
thrown [./open/src/hotspot/share/interpreter/linkResolver.cpp, line 766]
Event: 0.575 Thread 0x0000021f749ad000 Exception <a 'java/lang/NoSuchMethodError'{0x0000000715c2b2e8}: 'java.lang.Object java.lang.invoke.DirectMethodHandle$Holder.invokeSpecial(java.lang.Object, java.lang.Object, int, java.lang.Object, java.lang.Object, java.lang.Object)'> (0x0000000715c2b2e8) 
thrown [./open/src/hotspot/share/interpreter/linkResolver.cpp, line 766]
Event: 0.579 Thread 0x0000021f749ad000 Exception <a 'java/lang/NoSuchMethodError'{0x0000000715c41690}: 'java.lang.Object java.lang.invoke.DirectMethodHandle$Holder.invokeStatic(java.lang.Object, int, java.lang.Object)'> (0x0000000715c41690) 
thrown [./open/src/hotspot/share/interpreter/linkResolver.cpp, line 766]
Event: 0.609 Thread 0x0000021f749ad000 Exception <a 'java/lang/ClassNotFoundException'{0x0000000715ce5040}: com/sun/swing/internal/plaf/metal/resources/spi/metalProvider> (0x0000000715ce5040) 
thrown [./open/src/hotspot/share/classfile/systemDictionary.cpp, line 226]
Event: 0.610 Thread 0x0000021f749ad000 Exception <a 'java/lang/ClassNotFoundException'{0x0000000715ce9128}: com/sun/swing/internal/plaf/basic/resources/spi/basicProvider> (0x0000000715ce9128) 
thrown [./open/src/hotspot/share/classfile/systemDictionary.cpp, line 226]
Event: 0.917 Thread 0x0000021f749ad000 Exception <a 'java/lang/NoSuchMethodError'{0x00000007150fc8e8}: 'void java.lang.invoke.DirectMethodHandle$Holder.invokeStaticInit(java.lang.Object)'> (0x00000007150fc8e8) 
thrown [./open/src/hotspot/share/interpreter/linkResolver.cpp, line 766]
Event: 0.953 Thread 0x0000021f749ad000 Exception <a 'java/lang/NoSuchMethodError'{0x0000000714e58320}: 'java.lang.Object java.lang.invoke.Invokers$Holder.linkToTargetMethod(java.lang.Object, int, java.lang.Object)'> (0x0000000714e58320) 
thrown [./open/src/hotspot/share/interpreter/linkResolver.cpp, line 766]

Events (20 events):
Event: 2.428 loading class java/lang/invoke/VarHandleReferences$Array
Event: 2.428 loading class java/lang/invoke/VarHandleReferences$Array done
Event: 2.428 Executing VM operation: HandshakeOneThread
Event: 2.428 Executing VM operation: HandshakeOneThread done
Event: 2.428 loading class java/util/concurrent/ForkJoinPool$DefaultForkJoinWorkerThreadFactory
Event: 2.428 loading class java/util/concurrent/ForkJoinPool$ForkJoinWorkerThreadFactory
Event: 2.428 loading class java/util/concurrent/ForkJoinPool$ForkJoinWorkerThreadFactory done
Event: 2.428 loading class java/util/concurrent/ForkJoinPool$DefaultForkJoinWorkerThreadFactory done
Event: 2.429 loading class java/util/concurrent/ForkJoinPool$1
Event: 2.429 loading class java/util/concurrent/ForkJoinPool$1 done
Event: 2.429 loading class java/util/concurrent/ForkJoinPool$WorkQueue
Event: 2.429 loading class java/util/concurrent/ForkJoinPool$WorkQueue done
Event: 2.429 loading class java/util/concurrent/ForkJoinWorkerThread
Event: 2.429 loading class java/util/concurrent/ForkJoinWorkerThread done
Event: 5.789 Executing VM operation: HandshakeOneThread
Event: 5.789 Executing VM operation: HandshakeOneThread done
Event: 5.789 Thread 0x0000021f145eb800 Thread exited: 0x0000021f145eb800
Event: 5.884 Executing VM operation: HandshakeOneThread
Event: 5.884 Executing VM operation: HandshakeOneThread done
Event: 5.884 Thread 0x0000021f145cf800 Thread exited: 0x0000021f145cf800


Dynamic libraries:
0x00007ff74dc00000 - 0x00007ff74dc0d000 	C:\Users\Sherriff\.p2\pool\plugins\org.eclipse.justj.openjdk.hotspot.jre.full.win32.x86_64_14.0.2.v20200815-0932\jre\bin\javaw.exe
0x00007ff872780000 - 0x00007ff872970000 	C:\Windows\SYSTEM32\ntdll.dll
0x00007ff8708e0000 - 0x00007ff870992000 	C:\Windows\System32\KERNEL32.DLL
0x00007ff86fb90000 - 0x00007ff86fe35000 	C:\Windows\System32\KERNELBASE.dll
0x00007ff86f8a0000 - 0x00007ff86f99a000 	C:\Windows\System32\ucrtbase.dll
0x00007ff854c60000 - 0x00007ff854c78000 	C:\Users\Sherriff\.p2\pool\plugins\org.eclipse.justj.openjdk.hotspot.jre.full.win32.x86_64_14.0.2.v20200815-0932\jre\bin\jli.dll
0x00007ff8720c0000 - 0x00007ff872254000 	C:\Windows\System32\USER32.dll
0x00007ff854c40000 - 0x00007ff854c55000 	C:\Users\Sherriff\.p2\pool\plugins\org.eclipse.justj.openjdk.hotspot.jre.full.win32.x86_64_14.0.2.v20200815-0932\jre\bin\VCRUNTIME140.dll
0x00007ff86fe40000 - 0x00007ff86fe61000 	C:\Windows\System32\win32u.dll
0x00007ff871bb0000 - 0x00007ff871bd6000 	C:\Windows\System32\GDI32.dll
0x00007ff870690000 - 0x00007ff870828000 	C:\Windows\System32\gdi32full.dll
0x00007ff86f9a0000 - 0x00007ff86fa3e000 	C:\Windows\System32\msvcp_win.dll
0x00007ff85f320000 - 0x00007ff85f5a4000 	C:\Windows\WinSxS\amd64_microsoft.windows.common-controls_6595b64144ccf1df_6.0.18362.1316_none_9e7a364fe461dbd7\COMCTL32.dll
0x00007ff8716d0000 - 0x00007ff87176e000 	C:\Windows\System32\msvcrt.dll
0x00007ff871d80000 - 0x00007ff8720b7000 	C:\Windows\System32\combase.dll
0x00007ff8715b0000 - 0x00007ff8716cf000 	C:\Windows\System32\RPCRT4.dll
0x00007ff86f700000 - 0x00007ff86f781000 	C:\Windows\System32\bcryptPrimitives.dll
0x00007ff871b70000 - 0x00007ff871b9e000 	C:\Windows\System32\IMM32.DLL
0x00007ff853ef0000 - 0x00007ff853f8b000 	C:\Users\Sherriff\.p2\pool\plugins\org.eclipse.justj.openjdk.hotspot.jre.full.win32.x86_64_14.0.2.v20200815-0932\jre\bin\msvcp140.dll
0x00007ff835c60000 - 0x00007ff83677e000 	C:\Users\Sherriff\.p2\pool\plugins\org.eclipse.justj.openjdk.hotspot.jre.full.win32.x86_64_14.0.2.v20200815-0932\jre\bin\server\jvm.dll
0x00007ff8709a0000 - 0x00007ff870a43000 	C:\Windows\System32\ADVAPI32.dll
0x00007ff870a50000 - 0x00007ff870ae7000 	C:\Windows\System32\sechost.dll
0x00007ff8717f0000 - 0x00007ff8717f8000 	C:\Windows\System32\PSAPI.DLL
0x00007ff859b60000 - 0x00007ff859b69000 	C:\Windows\SYSTEM32\WSOCK32.dll
0x00007ff871800000 - 0x00007ff87186f000 	C:\Windows\System32\WS2_32.dll
0x00007ff86c280000 - 0x00007ff86c2a4000 	C:\Windows\SYSTEM32\WINMM.dll
0x00007ff86a760000 - 0x00007ff86a76a000 	C:\Windows\SYSTEM32\VERSION.dll
0x00007ff86c250000 - 0x00007ff86c27d000 	C:\Windows\SYSTEM32\WINMMBASE.dll
0x00007ff870640000 - 0x00007ff87068a000 	C:\Windows\System32\cfgmgr32.dll
0x00007ff86f6e0000 - 0x00007ff86f6f1000 	C:\Windows\System32\kernel.appcore.dll
0x00007ff86bef0000 - 0x00007ff86befa000 	C:\Users\Sherriff\.p2\pool\plugins\org.eclipse.justj.openjdk.hotspot.jre.full.win32.x86_64_14.0.2.v20200815-0932\jre\bin\jimage.dll
0x00007ff85c3e0000 - 0x00007ff85c5d4000 	C:\Windows\SYSTEM32\DBGHELP.DLL
0x00007ff859ad0000 - 0x00007ff859afa000 	C:\Windows\SYSTEM32\dbgcore.DLL
0x00007ff85c280000 - 0x00007ff85c2a5000 	C:\Users\Sherriff\.p2\pool\plugins\org.eclipse.justj.openjdk.hotspot.jre.full.win32.x86_64_14.0.2.v20200815-0932\jre\bin\java.dll
0x00007ff867d90000 - 0x00007ff867da6000 	C:\Users\Sherriff\.p2\pool\plugins\org.eclipse.justj.openjdk.hotspot.jre.full.win32.x86_64_14.0.2.v20200815-0932\jre\bin\zip.dll
0x00007ff870af0000 - 0x00007ff8711d8000 	C:\Windows\System32\SHELL32.dll
0x00007ff871870000 - 0x00007ff871917000 	C:\Windows\System32\shcore.dll
0x00007ff86fe90000 - 0x00007ff87060b000 	C:\Windows\System32\windows.storage.dll
0x00007ff86f660000 - 0x00007ff86f683000 	C:\Windows\System32\profapi.dll
0x00007ff86f690000 - 0x00007ff86f6da000 	C:\Windows\System32\powrprof.dll
0x00007ff86f630000 - 0x00007ff86f640000 	C:\Windows\System32\UMPDC.dll
0x00007ff8713a0000 - 0x00007ff8713f2000 	C:\Windows\System32\shlwapi.dll
0x00007ff86fe70000 - 0x00007ff86fe87000 	C:\Windows\System32\cryptsp.dll
0x00007ff85c320000 - 0x00007ff85c339000 	C:\Users\Sherriff\.p2\pool\plugins\org.eclipse.justj.openjdk.hotspot.jre.full.win32.x86_64_14.0.2.v20200815-0932\jre\bin\net.dll
0x00007ff8616d0000 - 0x00007ff8617c0000 	C:\Windows\SYSTEM32\WINHTTP.dll
0x00007ff86edc0000 - 0x00007ff86ee27000 	C:\Windows\system32\mswsock.dll
0x00007ff85c260000 - 0x00007ff85c272000 	C:\Users\Sherriff\.p2\pool\plugins\org.eclipse.justj.openjdk.hotspot.jre.full.win32.x86_64_14.0.2.v20200815-0932\jre\bin\nio.dll
0x00007ff83d3d0000 - 0x00007ff83d568000 	C:\Users\Sherriff\.p2\pool\plugins\org.eclipse.justj.openjdk.hotspot.jre.full.win32.x86_64_14.0.2.v20200815-0932\jre\bin\awt.dll
0x00007ff871cb0000 - 0x00007ff871d75000 	C:\Windows\System32\OLEAUT32.dll
0x00007ff86d840000 - 0x00007ff86d8cf000 	C:\Windows\SYSTEM32\apphelp.dll
0x00007ff86dd60000 - 0x00007ff86dd8d000 	C:\Windows\system32\DWMAPI.DLL
0x00007ff86d940000 - 0x00007ff86d9d9000 	C:\Windows\system32\uxtheme.dll
0x00007ff841130000 - 0x00007ff841286000 	C:\Windows\system32\opengl32.dll
0x00007ff841980000 - 0x00007ff8419ac000 	C:\Windows\SYSTEM32\GLU32.dll
0x00007ff86e2a0000 - 0x00007ff86e2c0000 	C:\Windows\SYSTEM32\dxcore.dll
0x00007ff8711e0000 - 0x00007ff871315000 	C:\Windows\System32\MSCTF.dll
0x00007ff871a10000 - 0x00007ff871b67000 	C:\Windows\System32\ole32.dll
0x00007ff849030000 - 0x00007ff8490b2000 	C:\Users\Sherriff\.p2\pool\plugins\org.eclipse.justj.openjdk.hotspot.jre.full.win32.x86_64_14.0.2.v20200815-0932\jre\bin\freetype.dll
0x00007ff83dfa0000 - 0x00007ff83e046000 	C:\Users\Sherriff\.p2\pool\plugins\org.eclipse.justj.openjdk.hotspot.jre.full.win32.x86_64_14.0.2.v20200815-0932\jre\bin\fontmanager.dll
0x00007ff8660a0000 - 0x00007ff86613d000 	C:\Windows\System32\TextInputFramework.dll
0x00007ff86b540000 - 0x00007ff86b86a000 	C:\Windows\System32\CoreUIComponents.dll
0x00007ff86d590000 - 0x00007ff86d664000 	C:\Windows\System32\CoreMessaging.dll
0x00007ff86e630000 - 0x00007ff86e661000 	C:\Windows\SYSTEM32\ntmarta.dll
0x00007ff86b3e0000 - 0x00007ff86b532000 	C:\Windows\SYSTEM32\wintypes.dll
0x00007ff864a80000 - 0x00007ff864d27000 	C:\Windows\System32\iertutil.dll

dbghelp: loaded successfully - version: 4.0.5 - missing functions: none
symbol engine: initialized successfully - sym options: 0x614 - pdb path: .;C:\Users\Sherriff\.p2\pool\plugins\org.eclipse.justj.openjdk.hotspot.jre.full.win32.x86_64_14.0.2.v20200815-0932\jre\bin;C:\Windows\SYSTEM32;C:\Windows\WinSxS\amd64_microsoft.windows.common-controls_6595b64144ccf1df_6.0.18362.1316_none_9e7a364fe461dbd7;C:\Users\Sherriff\.p2\pool\plugins\org.eclipse.justj.openjdk.hotspot.jre.full.win32.x86_64_14.0.2.v20200815-0932\jre\bin\server

VM Arguments:
jvm_args: -Dfile.encoding=Cp1252 -XX:+ShowCodeDetailsInExceptionMessages 
java_command: hackoverflow.game.main.Game
java_class_path (initial): C:\Users\Sherriff\eclipse-workspace\Hack\bin;C:\Users\Sherriff\Documents\Misc\JavaFX\javafx-sdk-11.0.2\lib\javafx.base.jar;C:\Users\Sherriff\Documents\Misc\JavaFX\javafx-sdk-11.0.2\lib\javafx.controls.jar;C:\Users\Sherriff\Documents\Misc\JavaFX\javafx-sdk-11.0.2\lib\javafx.fxml.jar;C:\Users\Sherriff\Documents\Misc\JavaFX\javafx-sdk-11.0.2\lib\javafx.graphics.jar;C:\Users\Sherriff\Documents\Misc\JavaFX\javafx-sdk-11.0.2\lib\javafx.media.jar;C:\Users\Sherriff\Documents\Misc\JavaFX\javafx-sdk-11.0.2\lib\javafx.swing.jar;C:\Users\Sherriff\Documents\Misc\JavaFX\javafx-sdk-11.0.2\lib\javafx.web.jar;C:\Users\Sherriff\Documents\Misc\JavaFX\javafx-sdk-11.0.2\lib\javafx-swt.jar
Launcher Type: SUN_STANDARD

[Global flags]
     intx CICompilerCount                          = 3                                         {product} {ergonomic}
     uint ConcGCThreads                            = 2                                         {product} {ergonomic}
     uint G1ConcRefinementThreads                  = 6                                         {product} {ergonomic}
   size_t G1HeapRegionSize                         = 1048576                                   {product} {ergonomic}
    uintx GCDrainStackTargetSize                   = 64                                        {product} {ergonomic}
   size_t InitialHeapSize                          = 262144000                                 {product} {ergonomic}
   size_t MarkStackSize                            = 4194304                                   {product} {ergonomic}
   size_t MaxHeapSize                              = 4188012544                                {product} {ergonomic}
   size_t MaxNewSize                               = 2512388096                                {product} {ergonomic}
   size_t MinHeapDeltaBytes                        = 1048576                                   {product} {ergonomic}
   size_t MinHeapSize                              = 8388608                                   {product} {ergonomic}
    uintx NonNMethodCodeHeapSize                   = 5832780                                {pd product} {ergonomic}
    uintx NonProfiledCodeHeapSize                  = 122912730                              {pd product} {ergonomic}
    uintx ProfiledCodeHeapSize                     = 122912730                              {pd product} {ergonomic}
    uintx ReservedCodeCacheSize                    = 251658240                              {pd product} {ergonomic}
     bool SegmentedCodeCache                       = true                                      {product} {ergonomic}
     bool ShowCodeDetailsInExceptionMessages       = true                                   {manageable} {command line}
   size_t SoftMaxHeapSize                          = 4188012544                             {manageable} {ergonomic}
     bool UseCompressedClassPointers               = true                                 {lp64_product} {ergonomic}
     bool UseCompressedOops                        = true                                 {lp64_product} {ergonomic}
     bool UseG1GC                                  = true                                      {product} {ergonomic}
     bool UseLargePagesIndividualAllocation        = false                                  {pd product} {ergonomic}

Logging:
Log output configuration:
 #0: stdout all=warning uptime,level,tags
 #1: stderr all=off uptime,level,tags

Environment Variables:
PATH=C:/Users/Sherriff/.p2/pool/plugins/org.eclipse.justj.openjdk.hotspot.jre.full.win32.x86_64_14.0.2.v20200815-0932/jre/bin/server;C:/Users/Sherriff/.p2/pool/plugins/org.eclipse.justj.openjdk.hotspot.jre.full.win32.x86_64_14.0.2.v20200815-0932/jre/bin;C:\Program Files (x86)\Common Files\Oracle\Java\javapath;C:\Program Files\AdoptOpenJDK\jdk-14.0.2.12-hotspot\bin;C:\Program Files\AdoptOpenJDK\jdk-11.0.7.10-hotspot\bin;C:\Program Files\AdoptOpenJDK\jre-11.0.7.10-hotspot\bin;C:\Program Files\AdoptOpenJDK\jre-8.0.252.09-hotspot\bin;C:\Program Files (x86)\AdoptOpenJDK\jre-8.0.252.09-hotspot\bin;C:\Windows\system32;C:\Windows;C:\Windows\System32\Wbem;C:\Windows\System32\WindowsPowerShell\v1.0\;C:\Windows\System32\OpenSSH\;C:\Program Files\Microsoft VS Code\bin;C:\Program Files (x86)\Common Files\Roxio Shared\DLLShared\;C:\Program Files (x86)\Common Files\Roxio Shared\10.0\DLLShared\;C:\Program Files\dotnet\;C:\Program Files\MiKTeX 2.9\miktex\bin\x64\;C:\Program Files\Git\cmd;C:\ProgramData\chocolatey\bin;C:\Users\Sherriff\AppData\Local\Microsoft\WindowsApps;C:\Users\Sherriff\AppData\Local\GitHubDesktop\bin;C:\Users\Sherriff\AppData\Roaming\cabal\bin;C:\ProgramData\chocolatey\lib\ghc\tools\ghc-8.10.4\bin;C:\tools\msys64;;C:\Users\Sherriff\eclipse\java-2020-09\eclipse;
USERNAME=Sherriff
OS=Windows_NT
PROCESSOR_IDENTIFIER=Intel64 Family 6 Model 158 Stepping 10, GenuineIntel



---------------  S Y S T E M  ---------------

OS: Windows 10 , 64 bit Build 18362 (10.0.18362.1316)
OS uptime: 0 days 8:55 hours
HyperV virtualization detected

CPU:total 6 (initial active 6) (6 cores per cpu, 1 threads per core) family 6 model 158 stepping 10, cmov, cx8, fxsr, mmx, sse, sse2, sse3, ssse3, sse4.1, sse4.2, popcnt, avx, avx2, aes, clmul, erms, rtm, 3dnowpref, lzcnt, tsc, tscinvbit, bmi1, bmi2, adx, fma

Memory: 4k page, system-wide physical 15971M (3246M free)
TotalPageFile size 65123M (AvailPageFile size 3M)
current process WorkingSet (physical memory assigned to process): 128M, peak: 128M
current process commit charge ("private bytes"): 384M, peak: 384M

vm_info: OpenJDK 64-Bit Server VM (14.0.2+12-46) for windows-amd64 JRE (14.0.2+12-46), built on Jul  9 2020 00:31:16 by "mach5one" with MS VC++ 15.9 (VS2017)

END.
